This is XeTeX, Version 3.14159265-2.6-0.99992 (TeX Live 2015/Debian) (preloaded format=xelatex 2018.10.14)  20 NOV 2018 10:11
entering extended mode
 restricted \write18 enabled.
 %&-line parsing enabled.
**tikz-ch2.tex
(./tikz-ch2.tex
LaTeX2e <2016/02/01>
Babel <3.9q> and hyphenation patterns for 3 language(s) loaded.
(/usr/share/texlive/texmf-dist/tex/latex/base/article.cls
Document Class: article 2014/09/29 v1.4h Standard LaTeX document class
(/usr/share/texlive/texmf-dist/tex/latex/base/size11.clo
File: size11.clo 2014/09/29 v1.4h Standard LaTeX file (size option)
)
\c@part=\count79
\c@section=\count80
\c@subsection=\count81
\c@subsubsection=\count82
\c@paragraph=\count83
\c@subparagraph=\count84
\c@figure=\count85
\c@table=\count86
\abovecaptionskip=\skip41
\belowcaptionskip=\skip42
\bibindent=\dimen102
)
(/home/byoshiwara/texmf/tex/latex/pgf/frontendlayer/tikz.sty
(/home/byoshiwara/texmf/tex/latex/pgf/basiclayer/pgf.sty
(/home/byoshiwara/texmf/tex/latex/pgf/utilities/pgfrcs.sty
(/home/byoshiwara/texmf/tex/generic/pgf/utilities/pgfutil-common.tex
\pgfutil@everybye=\toks14
\pgfutil@tempdima=\dimen103
\pgfutil@tempdimb=\dimen104

(/home/byoshiwara/texmf/tex/generic/pgf/utilities/pgfutil-common-lists.tex))
(/home/byoshiwara/texmf/tex/generic/pgf/utilities/pgfutil-latex.def
\pgfutil@abb=\box26

(/usr/share/texlive/texmf-dist/tex/latex/ms/everyshi.sty
Package: everyshi 2001/05/15 v3.00 EveryShipout Package (MS)
))
(/home/byoshiwara/texmf/tex/generic/pgf/utilities/pgfrcs.code.tex
Package: pgfrcs 2015/08/07 v3.0.1 (rcs-revision 1.31)
))
Package: pgf 2015/08/07 v3.0.1 (rcs-revision 1.15)

(/home/byoshiwara/texmf/tex/latex/pgf/basiclayer/pgfcore.sty
(/usr/share/texlive/texmf-dist/tex/latex/graphics/graphicx.sty
Package: graphicx 2014/10/28 v1.0g Enhanced LaTeX Graphics (DPC,SPQR)

(/usr/share/texlive/texmf-dist/tex/latex/graphics/keyval.sty
Package: keyval 2014/10/28 v1.15 key=value parser (DPC)
\KV@toks@=\toks15
)
(/usr/share/texlive/texmf-dist/tex/latex/graphics/graphics.sty
Package: graphics 2016/01/03 v1.0q Standard LaTeX Graphics (DPC,SPQR)

(/usr/share/texlive/texmf-dist/tex/latex/graphics/trig.sty
Package: trig 2016/01/03 v1.10 sin cos tan (DPC)
)
(/usr/share/texlive/texmf-dist/tex/latex/latexconfig/graphics.cfg
File: graphics.cfg 2010/04/23 v1.9 graphics configuration of TeX Live
)
Package graphics Info: Driver file: xetex.def on input line 95.

(/usr/share/texlive/texmf-dist/tex/xelatex/xetex-def/xetex.def
File: xetex.def 2015/09/11 v4.06 LaTeX color/graphics driver for XeTeX (TeX Liv
e/RRM/JK)

(/usr/share/texlive/texmf-dist/tex/generic/oberdiek/infwarerr.sty
Package: infwarerr 2010/04/08 v1.3 Providing info/warning/error messages (HO)
)
(/usr/share/texlive/texmf-dist/tex/generic/oberdiek/ltxcmds.sty
Package: ltxcmds 2011/11/09 v1.22 LaTeX kernel commands for general use (HO)
)))
\Gin@req@height=\dimen105
\Gin@req@width=\dimen106
)
(/home/byoshiwara/texmf/tex/latex/pgf/systemlayer/pgfsys.sty
(/home/byoshiwara/texmf/tex/generic/pgf/systemlayer/pgfsys.code.tex
Package: pgfsys 2014/07/09 v3.0.1 (rcs-revision 1.48)

(/home/byoshiwara/texmf/tex/generic/pgf/utilities/pgfkeys.code.tex
\pgfkeys@pathtoks=\toks16
\pgfkeys@temptoks=\toks17

(/home/byoshiwara/texmf/tex/generic/pgf/utilities/pgfkeysfiltered.code.tex
\pgfkeys@tmptoks=\toks18
))
\pgf@x=\dimen107
\pgf@y=\dimen108
\pgf@xa=\dimen109
\pgf@ya=\dimen110
\pgf@xb=\dimen111
\pgf@yb=\dimen112
\pgf@xc=\dimen113
\pgf@yc=\dimen114
\w@pgf@writea=\write3
\r@pgf@reada=\read1
\c@pgf@counta=\count87
\c@pgf@countb=\count88
\c@pgf@countc=\count89
\c@pgf@countd=\count90
\t@pgf@toka=\toks19
\t@pgf@tokb=\toks20
\t@pgf@tokc=\toks21

(/home/byoshiwara/texmf/tex/generic/pgf/systemlayer/pgf.cfg
File: pgf.cfg 2008/05/14  (rcs-revision 1.7)
)
Driver file for pgf: pgfsys-xetex.def

(/home/byoshiwara/texmf/tex/generic/pgf/systemlayer/pgfsys-xetex.def
File: pgfsys-xetex.def 2014/07/09  (rcs-revision 1.11)

(/home/byoshiwara/texmf/tex/generic/pgf/systemlayer/pgfsys-dvipdfmx.def
File: pgfsys-dvipdfmx.def 2014/07/09  (rcs-revision 1.14)

(/home/byoshiwara/texmf/tex/generic/pgf/systemlayer/pgfsys-common-pdf.def
File: pgfsys-common-pdf.def 2013/10/10  (rcs-revision 1.13)
)
\pgfsys@objnum=\count91
)))
(/home/byoshiwara/texmf/tex/generic/pgf/systemlayer/pgfsyssoftpath.code.tex
File: pgfsyssoftpath.code.tex 2013/09/09  (rcs-revision 1.9)
\pgfsyssoftpath@smallbuffer@items=\count92
\pgfsyssoftpath@bigbuffer@items=\count93
)
(/home/byoshiwara/texmf/tex/generic/pgf/systemlayer/pgfsysprotocol.code.tex
File: pgfsysprotocol.code.tex 2006/10/16  (rcs-revision 1.4)
))
(/usr/share/texlive/texmf-dist/tex/latex/xcolor/xcolor.sty
Package: xcolor 2007/01/21 v2.11 LaTeX color extensions (UK)

(/usr/share/texlive/texmf-dist/tex/latex/latexconfig/color.cfg
File: color.cfg 2007/01/18 v1.5 color configuration of teTeX/TeXLive
)
Package xcolor Info: Driver file: xetex.def on input line 225.
Package xcolor Info: Model `cmy' substituted by `cmy0' on input line 1337.
Package xcolor Info: Model `RGB' extended on input line 1353.
Package xcolor Info: Model `HTML' substituted by `rgb' on input line 1355.
Package xcolor Info: Model `Hsb' substituted by `hsb' on input line 1356.
Package xcolor Info: Model `tHsb' substituted by `hsb' on input line 1357.
Package xcolor Info: Model `HSB' substituted by `hsb' on input line 1358.
Package xcolor Info: Model `Gray' substituted by `gray' on input line 1359.
Package xcolor Info: Model `wave' substituted by `hsb' on input line 1360.
)
(/home/byoshiwara/texmf/tex/generic/pgf/basiclayer/pgfcore.code.tex
Package: pgfcore 2010/04/11 v3.0.1 (rcs-revision 1.7)

(/home/byoshiwara/texmf/tex/generic/pgf/math/pgfmath.code.tex
(/home/byoshiwara/texmf/tex/generic/pgf/math/pgfmathcalc.code.tex
(/home/byoshiwara/texmf/tex/generic/pgf/math/pgfmathutil.code.tex)
(/home/byoshiwara/texmf/tex/generic/pgf/math/pgfmathparser.code.tex
\pgfmath@dimen=\dimen115
\pgfmath@count=\count94
\pgfmath@box=\box27
\pgfmath@toks=\toks22
\pgfmath@stack@operand=\toks23
\pgfmath@stack@operation=\toks24
)
(/home/byoshiwara/texmf/tex/generic/pgf/math/pgfmathfunctions.code.tex
(/home/byoshiwara/texmf/tex/generic/pgf/math/pgfmathfunctions.basic.code.tex)
(/home/byoshiwara/texmf/tex/generic/pgf/math/pgfmathfunctions.trigonometric.cod
e.tex)
(/home/byoshiwara/texmf/tex/generic/pgf/math/pgfmathfunctions.random.code.tex)
(/home/byoshiwara/texmf/tex/generic/pgf/math/pgfmathfunctions.comparison.code.t
ex) (/home/byoshiwara/texmf/tex/generic/pgf/math/pgfmathfunctions.base.code.tex
) (/home/byoshiwara/texmf/tex/generic/pgf/math/pgfmathfunctions.round.code.tex)
(/home/byoshiwara/texmf/tex/generic/pgf/math/pgfmathfunctions.misc.code.tex)
(/home/byoshiwara/texmf/tex/generic/pgf/math/pgfmathfunctions.integerarithmetic
s.code.tex)))
(/home/byoshiwara/texmf/tex/generic/pgf/math/pgfmathfloat.code.tex
\c@pgfmathroundto@lastzeros=\count95
))
(/home/byoshiwara/texmf/tex/generic/pgf/basiclayer/pgfcorepoints.code.tex
File: pgfcorepoints.code.tex 2013/10/07  (rcs-revision 1.27)
\pgf@picminx=\dimen116
\pgf@picmaxx=\dimen117
\pgf@picminy=\dimen118
\pgf@picmaxy=\dimen119
\pgf@pathminx=\dimen120
\pgf@pathmaxx=\dimen121
\pgf@pathminy=\dimen122
\pgf@pathmaxy=\dimen123
\pgf@xx=\dimen124
\pgf@xy=\dimen125
\pgf@yx=\dimen126
\pgf@yy=\dimen127
\pgf@zx=\dimen128
\pgf@zy=\dimen129
)
(/home/byoshiwara/texmf/tex/generic/pgf/basiclayer/pgfcorepathconstruct.code.te
x
File: pgfcorepathconstruct.code.tex 2013/10/07  (rcs-revision 1.29)
\pgf@path@lastx=\dimen130
\pgf@path@lasty=\dimen131
) (/home/byoshiwara/texmf/tex/generic/pgf/basiclayer/pgfcorepathusage.code.tex
File: pgfcorepathusage.code.tex 2014/11/02  (rcs-revision 1.24)
\pgf@shorten@end@additional=\dimen132
\pgf@shorten@start@additional=\dimen133
) (/home/byoshiwara/texmf/tex/generic/pgf/basiclayer/pgfcorescopes.code.tex
File: pgfcorescopes.code.tex 2015/05/08  (rcs-revision 1.46)
\pgfpic=\box28
\pgf@hbox=\box29
\pgf@layerbox@main=\box30
\pgf@picture@serial@count=\count96
)
(/home/byoshiwara/texmf/tex/generic/pgf/basiclayer/pgfcoregraphicstate.code.tex
File: pgfcoregraphicstate.code.tex 2014/11/02  (rcs-revision 1.12)
\pgflinewidth=\dimen134
)
(/home/byoshiwara/texmf/tex/generic/pgf/basiclayer/pgfcoretransformations.code.
tex
File: pgfcoretransformations.code.tex 2015/08/07  (rcs-revision 1.20)
\pgf@pt@x=\dimen135
\pgf@pt@y=\dimen136
\pgf@pt@temp=\dimen137
) (/home/byoshiwara/texmf/tex/generic/pgf/basiclayer/pgfcorequick.code.tex
File: pgfcorequick.code.tex 2008/10/09  (rcs-revision 1.3)
)
(/home/byoshiwara/texmf/tex/generic/pgf/basiclayer/pgfcoreobjects.code.tex
File: pgfcoreobjects.code.tex 2006/10/11  (rcs-revision 1.2)
)
(/home/byoshiwara/texmf/tex/generic/pgf/basiclayer/pgfcorepathprocessing.code.t
ex
File: pgfcorepathprocessing.code.tex 2013/09/09  (rcs-revision 1.9)
) (/home/byoshiwara/texmf/tex/generic/pgf/basiclayer/pgfcorearrows.code.tex
File: pgfcorearrows.code.tex 2015/05/14  (rcs-revision 1.43)
\pgfarrowsep=\dimen138
)
(/home/byoshiwara/texmf/tex/generic/pgf/basiclayer/pgfcoreshade.code.tex
File: pgfcoreshade.code.tex 2013/07/15  (rcs-revision 1.15)
\pgf@max=\dimen139
\pgf@sys@shading@range@num=\count97
)
(/home/byoshiwara/texmf/tex/generic/pgf/basiclayer/pgfcoreimage.code.tex
File: pgfcoreimage.code.tex 2013/07/15  (rcs-revision 1.18)

(/home/byoshiwara/texmf/tex/generic/pgf/basiclayer/pgfcoreexternal.code.tex
File: pgfcoreexternal.code.tex 2014/07/09  (rcs-revision 1.21)
\pgfexternal@startupbox=\box31
))
(/home/byoshiwara/texmf/tex/generic/pgf/basiclayer/pgfcorelayers.code.tex
File: pgfcorelayers.code.tex 2013/07/18  (rcs-revision 1.7)
)
(/home/byoshiwara/texmf/tex/generic/pgf/basiclayer/pgfcoretransparency.code.tex
File: pgfcoretransparency.code.tex 2013/09/30  (rcs-revision 1.5)
) (/home/byoshiwara/texmf/tex/generic/pgf/basiclayer/pgfcorepatterns.code.tex
File: pgfcorepatterns.code.tex 2013/11/07  (rcs-revision 1.5)
))) (/home/byoshiwara/texmf/tex/generic/pgf/modules/pgfmoduleshapes.code.tex
File: pgfmoduleshapes.code.tex 2014/03/21  (rcs-revision 1.35)
\pgfnodeparttextbox=\box32
)
(/home/byoshiwara/texmf/tex/generic/pgf/modules/pgfmoduleplot.code.tex
File: pgfmoduleplot.code.tex 2015/08/03  (rcs-revision 1.13)
)
(/home/byoshiwara/texmf/tex/latex/pgf/compatibility/pgfcomp-version-0-65.sty
Package: pgfcomp-version-0-65 2007/07/03 v3.0.1 (rcs-revision 1.7)
\pgf@nodesepstart=\dimen140
\pgf@nodesepend=\dimen141
)
(/home/byoshiwara/texmf/tex/latex/pgf/compatibility/pgfcomp-version-1-18.sty
Package: pgfcomp-version-1-18 2007/07/23 v3.0.1 (rcs-revision 1.1)
))
(/home/byoshiwara/texmf/tex/latex/pgf/utilities/pgffor.sty
(/home/byoshiwara/texmf/tex/latex/pgf/utilities/pgfkeys.sty
(/home/byoshiwara/texmf/tex/generic/pgf/utilities/pgfkeys.code.tex))
(/home/byoshiwara/texmf/tex/latex/pgf/math/pgfmath.sty
(/home/byoshiwara/texmf/tex/generic/pgf/math/pgfmath.code.tex))
(/home/byoshiwara/texmf/tex/generic/pgf/utilities/pgffor.code.tex
Package: pgffor 2013/12/13 v3.0.1 (rcs-revision 1.25)

(/home/byoshiwara/texmf/tex/generic/pgf/math/pgfmath.code.tex)
\pgffor@iter=\dimen142
\pgffor@skip=\dimen143
\pgffor@stack=\toks25
\pgffor@toks=\toks26
))
(/home/byoshiwara/texmf/tex/generic/pgf/frontendlayer/tikz/tikz.code.tex
Package: tikz 2015/08/07 v3.0.1 (rcs-revision 1.151)

(/home/byoshiwara/texmf/tex/generic/pgf/libraries/pgflibraryplothandlers.code.t
ex
File: pgflibraryplothandlers.code.tex 2013/08/31 v3.0.1 (rcs-revision 1.20)
\pgf@plot@mark@count=\count98
\pgfplotmarksize=\dimen144
)
\tikz@lastx=\dimen145
\tikz@lasty=\dimen146
\tikz@lastxsaved=\dimen147
\tikz@lastysaved=\dimen148
\tikzleveldistance=\dimen149
\tikzsiblingdistance=\dimen150
\tikz@figbox=\box33
\tikz@figbox@bg=\box34
\tikz@tempbox=\box35
\tikz@tempbox@bg=\box36
\tikztreelevel=\count99
\tikznumberofchildren=\count100
\tikznumberofcurrentchild=\count101
\tikz@fig@count=\count102
 (/home/byoshiwara/texmf/tex/generic/pgf/modules/pgfmodulematrix.code.tex
File: pgfmodulematrix.code.tex 2013/09/17  (rcs-revision 1.8)
\pgfmatrixcurrentrow=\count103
\pgfmatrixcurrentcolumn=\count104
\pgf@matrix@numberofcolumns=\count105
)
\tikz@expandcount=\count106

(/home/byoshiwara/texmf/tex/generic/pgf/frontendlayer/tikz/libraries/tikzlibrar
ytopaths.code.tex
File: tikzlibrarytopaths.code.tex 2008/06/17 v3.0.1 (rcs-revision 1.2)
)))
(/home/byoshiwara/texmf/tex/generic/pgf/frontendlayer/tikz/libraries/tikzlibrar
ycalc.code.tex
File: tikzlibrarycalc.code.tex 2013/07/15 v3.0.1 (rcs-revision 1.9)
)
(/home/byoshiwara/texmf/tex/generic/pgf/libraries/pgflibraryarrows.meta.code.te
x
File: pgflibraryarrows.meta.code.tex 2015/05/13 v3.0.1 (rcs-revision 1.13)
\pgfarrowinset=\dimen151
\pgfarrowlength=\dimen152
\pgfarrowwidth=\dimen153
\pgfarrowlinewidth=\dimen154
)
No file tikz-ch2.aux.
\openout1 = `tikz-ch2.aux'.

LaTeX Font Info:    Checking defaults for OML/cmm/m/it on input line 14.
LaTeX Font Info:    ... okay on input line 14.
LaTeX Font Info:    Checking defaults for T1/cmr/m/n on input line 14.
LaTeX Font Info:    ... okay on input line 14.
LaTeX Font Info:    Checking defaults for OT1/cmr/m/n on input line 14.
LaTeX Font Info:    ... okay on input line 14.
LaTeX Font Info:    Checking defaults for OMS/cmsy/m/n on input line 14.
LaTeX Font Info:    ... okay on input line 14.
LaTeX Font Info:    Checking defaults for OMX/cmex/m/n on input line 14.
LaTeX Font Info:    ... okay on input line 14.
LaTeX Font Info:    Checking defaults for U/cmr/m/n on input line 14.
LaTeX Font Info:    ... okay on input line 14.
ABD: EveryShipout initializing macros
LaTeX Font Info:    External font `cmex10' loaded for size
(Font)              <12> on input line 15.
LaTeX Font Info:    External font `cmex10' loaded for size
(Font)              <8> on input line 15.
LaTeX Font Info:    External font `cmex10' loaded for size
(Font)              <6> on input line 15.
LaTeX Font Info:    External font `cmex10' loaded for size
(Font)              <10.95> on input line 26.

Overfull \hbox (74.80183pt too wide) in paragraph at lines 18--45
\OT1/cmr/m/n/10.95 Similar tri-an-gles [] 
 []


Underfull \hbox (badness 10000) in paragraph at lines 18--45

 []


Underfull \hbox (badness 10000) in paragraph at lines 47--62

 []

LaTeX Font Info:    External font `cmex10' loaded for size
(Font)              <9> on input line 81.
LaTeX Font Info:    External font `cmex10' loaded for size
(Font)              <5> on input line 81.

Underfull \hbox (badness 10000) in paragraph at lines 64--92

 []


Underfull \hbox (badness 10000) in paragraph at lines 94--109

 []


Underfull \hbox (badness 10000) in paragraph at lines 111--126

 []

[1

]
Underfull \hbox (badness 10000) in paragraph at lines 128--143

 []


Underfull \hbox (badness 10000) in paragraph at lines 159--161

 []


Underfull \hbox (badness 10000) in paragraph at lines 163--180

 []


Underfull \hbox (badness 10000) in paragraph at lines 182--199

 []

[2]
Underfull \hbox (badness 10000) in paragraph at lines 201--214

 []


Underfull \hbox (badness 10000) in paragraph at lines 233--252

 []


Underfull \hbox (badness 10000) in paragraph at lines 254--269

 []


Underfull \hbox (badness 10000) in paragraph at lines 271--292

 []

[3]
Underfull \hbox (badness 10000) in paragraph at lines 294--310

 []


Underfull \hbox (badness 10000) in paragraph at lines 311--331

 []


Underfull \hbox (badness 10000) in paragraph at lines 332--351

 []


Underfull \hbox (badness 10000) in paragraph at lines 352--365

 []


Underfull \hbox (badness 10000) in paragraph at lines 366--381

 []


Underfull \hbox (badness 10000) in paragraph at lines 382--398

 []


Underfull \hbox (badness 10000) in paragraph at lines 399--413

 []

[4]
Underfull \hbox (badness 10000) in paragraph at lines 414--429

 []


Underfull \hbox (badness 10000) in paragraph at lines 431--446

 []


Underfull \hbox (badness 10000) in paragraph at lines 448--468

 []


Underfull \hbox (badness 10000) in paragraph at lines 470--486

 []


Underfull \hbox (badness 10000) in paragraph at lines 488--504

 []

[5]
Underfull \hbox (badness 10000) in paragraph at lines 506--520

 []


Underfull \hbox (badness 10000) in paragraph at lines 522--536

 []


Underfull \hbox (badness 10000) in paragraph at lines 538--552

 []


Underfull \hbox (badness 10000) in paragraph at lines 554--568

 []


Underfull \hbox (badness 10000) in paragraph at lines 570--591

 []


Underfull \hbox (badness 10000) in paragraph at lines 593--613

 []

[6]
Underfull \hbox (badness 10000) in paragraph at lines 615--640

 []


Underfull \hbox (badness 10000) in paragraph at lines 642--667

 []


Underfull \hbox (badness 10000) in paragraph at lines 669--695

 []


Underfull \hbox (badness 10000) in paragraph at lines 697--723

 []

[7]
Underfull \hbox (badness 10000) in paragraph at lines 725--743

 []


Underfull \hbox (badness 10000) in paragraph at lines 745--784

 []


Underfull \hbox (badness 10000) in paragraph at lines 787--801

 []


Underfull \hbox (badness 10000) in paragraph at lines 802--817

 []

[8]
Underfull \hbox (badness 10000) in paragraph at lines 818--846

 []


Underfull \hbox (badness 10000) in paragraph at lines 847--863

 []


Underfull \hbox (badness 10000) in paragraph at lines 864--880

 []


Underfull \hbox (badness 10000) in paragraph at lines 881--897

 []


Underfull \hbox (badness 10000) in paragraph at lines 899--915

 []


Underfull \hbox (badness 10000) in paragraph at lines 917--945

 []

[9]
Underfull \hbox (badness 10000) in paragraph at lines 947--974

 []


Overfull \hbox (65.39638pt too wide) in paragraph at lines 975--996
[]\OT1/cmr/m/n/10.95 3 sim-i-lar tri-an-gles [] 
 []


Underfull \hbox (badness 10000) in paragraph at lines 975--996

 []


Underfull \hbox (badness 10000) in paragraph at lines 997--1012

 []


Underfull \hbox (badness 10000) in paragraph at lines 1013--1028

 []


Underfull \hbox (badness 10000) in paragraph at lines 1029--1046

 []

[10]
Underfull \hbox (badness 10000) in paragraph at lines 1047--1063

 []


Underfull \hbox (badness 10000) in paragraph at lines 1065--1081

 []


Underfull \hbox (badness 10000) in paragraph at lines 1082--1098

 []


Underfull \hbox (badness 10000) in paragraph at lines 1099--1115

 []


Underfull \hbox (badness 10000) in paragraph at lines 1116--1137

 []

[11]
Underfull \hbox (badness 10000) in paragraph at lines 1138--1154

 []

LaTeX Font Info:    External font `cmex10' loaded for size
(Font)              <7> on input line 1169.

Underfull \hbox (badness 10000) in paragraph at lines 1155--1173

 []

Missing character: There is no ` in font nullfont!

Underfull \hbox (badness 10000) in paragraph at lines 1174--1197

 []

Missing character: There is no ` in font nullfont!

Underfull \hbox (badness 10000) in paragraph at lines 1198--1221

 []

Missing character: There is no ` in font nullfont!

Underfull \hbox (badness 10000) in paragraph at lines 1222--1245

 []


Underfull \hbox (badness 10000) in paragraph at lines 1246--1269

 []

[12]
Underfull \hbox (badness 10000) in paragraph at lines 1270--1294

 []


Underfull \hbox (badness 10000) in paragraph at lines 1295--1318

 []


Underfull \hbox (badness 10000) in paragraph at lines 1319--1336

 []

[13]
Underfull \hbox (badness 10000) in paragraph at lines 1337--1354

 []


Underfull \hbox (badness 10000) in paragraph at lines 1355--1372

 []


Underfull \hbox (badness 10000) in paragraph at lines 1373--1390

 []


Underfull \hbox (badness 10000) in paragraph at lines 1391--1408

 []


Underfull \hbox (badness 10000) in paragraph at lines 1409--1426

 []


Underfull \hbox (badness 10000) in paragraph at lines 1427--1457

 []

[14]
Overfull \hbox (11.93094pt too wide) in paragraph at lines 1458--1488
[]\OT1/cmr/m/n/10.95 hp2-2-13ans [] 
 []


Underfull \hbox (badness 10000) in paragraph at lines 1458--1488

 []


Overfull \hbox (76.09009pt too wide) in paragraph at lines 1489--1515
[]\OT1/cmr/m/n/10.95 hp2-2-15ans [] 
 []


Underfull \hbox (badness 10000) in paragraph at lines 1489--1515

 []


Underfull \hbox (badness 10000) in paragraph at lines 1517--1534

 []


Underfull \hbox (badness 10000) in paragraph at lines 1535--1552

 []


Underfull \hbox (badness 10000) in paragraph at lines 1553--1570

 []

[15]
Underfull \hbox (badness 10000) in paragraph at lines 1571--1588

 []


Underfull \hbox (badness 10000) in paragraph at lines 1591--1607

 []


Underfull \hbox (badness 10000) in paragraph at lines 1609--1626

 []


Underfull \hbox (badness 10000) in paragraph at lines 1628--1645

 []


Underfull \hbox (badness 10000) in paragraph at lines 1647--1664

 []

[16]
Underfull \hbox (badness 10000) in paragraph at lines 1666--1683

 []


Underfull \hbox (badness 10000) in paragraph at lines 1685--1702

 []


Underfull \hbox (badness 10000) in paragraph at lines 1704--1720

 []


Underfull \hbox (badness 10000) in paragraph at lines 1721--1738

 []


Underfull \hbox (badness 10000) in paragraph at lines 1739--1755

 []


Underfull \hbox (badness 10000) in paragraph at lines 1756--1773

 []


Underfull \hbox (badness 10000) in paragraph at lines 1774--1790

 []

[17]
Underfull \hbox (badness 10000) in paragraph at lines 1791--1807

 []


Underfull \hbox (badness 10000) in paragraph at lines 1809--1827

 []


Underfull \hbox (badness 10000) in paragraph at lines 1829--1847

 []


Underfull \hbox (badness 10000) in paragraph at lines 1848--1866

 []


Underfull \hbox (badness 10000) in paragraph at lines 1867--1885

 []


Underfull \hbox (badness 10000) in paragraph at lines 1887--1911

 []


Underfull \hbox (badness 10000) in paragraph at lines 1912--1936

 []

[18]
Underfull \hbox (badness 10000) in paragraph at lines 1937--1955

 []


Underfull \hbox (badness 10000) in paragraph at lines 1956--1974

 []


Underfull \hbox (badness 10000) in paragraph at lines 1975--1993

 []


Underfull \hbox (badness 10000) in paragraph at lines 1994--2012

 []


Underfull \hbox (badness 10000) in paragraph at lines 2013--2036

 []

[19]
Underfull \hbox (badness 10000) in paragraph at lines 2037--2052

 []


Underfull \hbox (badness 10000) in paragraph at lines 2053--2069

 []


Underfull \hbox (badness 10000) in paragraph at lines 2070--2086

 []


Underfull \hbox (badness 10000) in paragraph at lines 2087--2104

 []

Missing character: There is no ` in font nullfont!

Underfull \hbox (badness 10000) in paragraph at lines 2106--2131

 []

[20]
Missing character: There is no ` in font nullfont!

Underfull \hbox (badness 10000) in paragraph at lines 2133--2161

 []

Missing character: There is no ` in font nullfont!

Underfull \hbox (badness 10000) in paragraph at lines 2162--2176

 []


Underfull \hbox (badness 10000) in paragraph at lines 2180--2195

 []


Underfull \hbox (badness 10000) in paragraph at lines 2196--2243

 []

[21]
Underfull \hbox (badness 10000) in paragraph at lines 2289--2291

 []


Underfull \hbox (badness 10000) in paragraph at lines 2292--2308

 []


Underfull \hbox (badness 10000) in paragraph at lines 2309--2326

 []


Underfull \hbox (badness 10000) in paragraph at lines 2327--2344

 []


Underfull \hbox (badness 10000) in paragraph at lines 2345--2361

 []


Underfull \hbox (badness 10000) in paragraph at lines 2362--2379

 []

[22]
Underfull \hbox (badness 10000) in paragraph at lines 2380--2382

 []


Underfull \hbox (badness 10000) in paragraph at lines 2383--2401

 []


Underfull \hbox (badness 10000) in paragraph at lines 2402--2422

 []


Underfull \hbox (badness 10000) in paragraph at lines 2423--2443

 []


Underfull \hbox (badness 10000) in paragraph at lines 2444--2464

 []


Underfull \hbox (badness 10000) in paragraph at lines 2465--2485

 []

[23]
Underfull \hbox (badness 10000) in paragraph at lines 2487--2507

 []


Underfull \hbox (badness 10000) in paragraph at lines 2509--2529

 []


Underfull \hbox (badness 10000) in paragraph at lines 2531--2551

 []


Underfull \hbox (badness 10000) in paragraph at lines 2553--2573

 []


Underfull \hbox (badness 10000) in paragraph at lines 2575--2595

 []

[24]
Underfull \hbox (badness 10000) in paragraph at lines 2597--2617

 []


Underfull \hbox (badness 10000) in paragraph at lines 2618--2634

 []


Underfull \hbox (badness 10000) in paragraph at lines 2635--2651

 []


Underfull \hbox (badness 10000) in paragraph at lines 2652--2668

 []


Underfull \hbox (badness 10000) in paragraph at lines 2669--2685

 []


Underfull \hbox (badness 10000) in paragraph at lines 2686--2702

 []

[25]
Underfull \hbox (badness 10000) in paragraph at lines 2704--2720

 []


Underfull \hbox (badness 10000) in paragraph at lines 2721--2737

 []


Underfull \hbox (badness 10000) in paragraph at lines 2739--2755

 []


Underfull \hbox (badness 10000) in paragraph at lines 2757--2773

 []


Underfull \hbox (badness 10000) in paragraph at lines 2775--2791

 []


Underfull \hbox (badness 10000) in paragraph at lines 2793--2809

 []


Underfull \hbox (badness 10000) in paragraph at lines 2811--2829

 []

[26]
Underfull \hbox (badness 10000) in paragraph at lines 2831--2849

 []


Underfull \hbox (badness 10000) in paragraph at lines 2851--2867

 []


Underfull \hbox (badness 10000) in paragraph at lines 2869--2890

 []


Underfull \hbox (badness 10000) in paragraph at lines 2892--2915

 []

[27]
Underfull \hbox (badness 10000) in paragraph at lines 2918--2938

 []


Underfull \hbox (badness 10000) in paragraph at lines 2940--2960

 []


Underfull \hbox (badness 10000) in paragraph at lines 2961--2981

 []


Underfull \hbox (badness 10000) in paragraph at lines 2982--3002

 []

[28]
Underfull \hbox (badness 10000) in paragraph at lines 3003--3031

 []


Underfull \hbox (badness 10000) in paragraph at lines 3032--3060

 []


Underfull \hbox (badness 10000) in paragraph at lines 3061--3089

 []


Underfull \hbox (badness 10000) in paragraph at lines 3090--3118

 []


Underfull \hbox (badness 10000) in paragraph at lines 3119--3146

 []

[29]
Underfull \hbox (badness 10000) in paragraph at lines 3147--3174

 []


Underfull \hbox (badness 10000) in paragraph at lines 3175--3195

 []


Underfull \hbox (badness 10000) in paragraph at lines 3196--3214

 []


Underfull \hbox (badness 10000) in paragraph at lines 3215--3230

 []

[30]
Underfull \hbox (badness 10000) in paragraph at lines 3231--3246

 []


Underfull \hbox (badness 10000) in paragraph at lines 3247--3262

 []


Underfull \hbox (badness 10000) in paragraph at lines 3263--3286

 []


Underfull \hbox (badness 10000) in paragraph at lines 3287--3310

 []


Underfull \hbox (badness 10000) in paragraph at lines 3311--3334

 []


Underfull \hbox (badness 10000) in paragraph at lines 3335--3357

 []


Underfull \hbox (badness 10000) in paragraph at lines 3381--3397

 []

[31] [32] (./tikz-ch2.aux) ) 
Here is how much of TeX's memory you used:
 12000 strings out of 495579
 249289 string characters out of 6187321
 291158 words of memory out of 5000000
 15101 multiletter control sequences out of 15000+600000
 9108 words of font info for 32 fonts, out of 8000000 for 9000
 14 hyphenation exceptions out of 8191
 55i,6n,67p,421b,706s stack positions out of 5000i,500n,10000p,200000b,80000s

Output written on tikz-ch2.pdf (32 pages).
