This is XeTeX, Version 3.14159265-2.6-0.99992 (TeX Live 2015/Debian) (preloaded format=xelatex 2018.10.14)  8 DEC 2018 11:24
entering extended mode
 restricted \write18 enabled.
 %&-line parsing enabled.
**tikz-ch6.tex
(./tikz-ch6.tex
LaTeX2e <2016/02/01>
Babel <3.9q> and hyphenation patterns for 3 language(s) loaded.
(/usr/share/texlive/texmf-dist/tex/latex/base/article.cls
Document Class: article 2014/09/29 v1.4h Standard LaTeX document class
(/usr/share/texlive/texmf-dist/tex/latex/base/size12.clo
File: size12.clo 2014/09/29 v1.4h Standard LaTeX file (size option)
)
\c@part=\count79
\c@section=\count80
\c@subsection=\count81
\c@subsubsection=\count82
\c@paragraph=\count83
\c@subparagraph=\count84
\c@figure=\count85
\c@table=\count86
\abovecaptionskip=\skip41
\belowcaptionskip=\skip42
\bibindent=\dimen102
)
(/home/byoshiwara/texmf/tex/latex/pgf/frontendlayer/tikz.sty
(/home/byoshiwara/texmf/tex/latex/pgf/basiclayer/pgf.sty
(/home/byoshiwara/texmf/tex/latex/pgf/utilities/pgfrcs.sty
(/home/byoshiwara/texmf/tex/generic/pgf/utilities/pgfutil-common.tex
\pgfutil@everybye=\toks14
\pgfutil@tempdima=\dimen103
\pgfutil@tempdimb=\dimen104

(/home/byoshiwara/texmf/tex/generic/pgf/utilities/pgfutil-common-lists.tex))
(/home/byoshiwara/texmf/tex/generic/pgf/utilities/pgfutil-latex.def
\pgfutil@abb=\box26

(/usr/share/texlive/texmf-dist/tex/latex/ms/everyshi.sty
Package: everyshi 2001/05/15 v3.00 EveryShipout Package (MS)
))
(/home/byoshiwara/texmf/tex/generic/pgf/utilities/pgfrcs.code.tex
Package: pgfrcs 2015/08/07 v3.0.1 (rcs-revision 1.31)
))
Package: pgf 2015/08/07 v3.0.1 (rcs-revision 1.15)

(/home/byoshiwara/texmf/tex/latex/pgf/basiclayer/pgfcore.sty
(/usr/share/texlive/texmf-dist/tex/latex/graphics/graphicx.sty
Package: graphicx 2014/10/28 v1.0g Enhanced LaTeX Graphics (DPC,SPQR)

(/usr/share/texlive/texmf-dist/tex/latex/graphics/keyval.sty
Package: keyval 2014/10/28 v1.15 key=value parser (DPC)
\KV@toks@=\toks15
)
(/usr/share/texlive/texmf-dist/tex/latex/graphics/graphics.sty
Package: graphics 2016/01/03 v1.0q Standard LaTeX Graphics (DPC,SPQR)

(/usr/share/texlive/texmf-dist/tex/latex/graphics/trig.sty
Package: trig 2016/01/03 v1.10 sin cos tan (DPC)
)
(/usr/share/texlive/texmf-dist/tex/latex/latexconfig/graphics.cfg
File: graphics.cfg 2010/04/23 v1.9 graphics configuration of TeX Live
)
Package graphics Info: Driver file: xetex.def on input line 95.

(/usr/share/texlive/texmf-dist/tex/xelatex/xetex-def/xetex.def
File: xetex.def 2015/09/11 v4.06 LaTeX color/graphics driver for XeTeX (TeX Liv
e/RRM/JK)

(/usr/share/texlive/texmf-dist/tex/generic/oberdiek/infwarerr.sty
Package: infwarerr 2010/04/08 v1.3 Providing info/warning/error messages (HO)
)
(/usr/share/texlive/texmf-dist/tex/generic/oberdiek/ltxcmds.sty
Package: ltxcmds 2011/11/09 v1.22 LaTeX kernel commands for general use (HO)
)))
\Gin@req@height=\dimen105
\Gin@req@width=\dimen106
)
(/home/byoshiwara/texmf/tex/latex/pgf/systemlayer/pgfsys.sty
(/home/byoshiwara/texmf/tex/generic/pgf/systemlayer/pgfsys.code.tex
Package: pgfsys 2014/07/09 v3.0.1 (rcs-revision 1.48)

(/home/byoshiwara/texmf/tex/generic/pgf/utilities/pgfkeys.code.tex
\pgfkeys@pathtoks=\toks16
\pgfkeys@temptoks=\toks17

(/home/byoshiwara/texmf/tex/generic/pgf/utilities/pgfkeysfiltered.code.tex
\pgfkeys@tmptoks=\toks18
))
\pgf@x=\dimen107
\pgf@y=\dimen108
\pgf@xa=\dimen109
\pgf@ya=\dimen110
\pgf@xb=\dimen111
\pgf@yb=\dimen112
\pgf@xc=\dimen113
\pgf@yc=\dimen114
\w@pgf@writea=\write3
\r@pgf@reada=\read1
\c@pgf@counta=\count87
\c@pgf@countb=\count88
\c@pgf@countc=\count89
\c@pgf@countd=\count90
\t@pgf@toka=\toks19
\t@pgf@tokb=\toks20
\t@pgf@tokc=\toks21

(/home/byoshiwara/texmf/tex/generic/pgf/systemlayer/pgf.cfg
File: pgf.cfg 2008/05/14  (rcs-revision 1.7)
)
Driver file for pgf: pgfsys-xetex.def

(/home/byoshiwara/texmf/tex/generic/pgf/systemlayer/pgfsys-xetex.def
File: pgfsys-xetex.def 2014/07/09  (rcs-revision 1.11)

(/home/byoshiwara/texmf/tex/generic/pgf/systemlayer/pgfsys-dvipdfmx.def
File: pgfsys-dvipdfmx.def 2014/07/09  (rcs-revision 1.14)

(/home/byoshiwara/texmf/tex/generic/pgf/systemlayer/pgfsys-common-pdf.def
File: pgfsys-common-pdf.def 2013/10/10  (rcs-revision 1.13)
)
\pgfsys@objnum=\count91
)))
(/home/byoshiwara/texmf/tex/generic/pgf/systemlayer/pgfsyssoftpath.code.tex
File: pgfsyssoftpath.code.tex 2013/09/09  (rcs-revision 1.9)
\pgfsyssoftpath@smallbuffer@items=\count92
\pgfsyssoftpath@bigbuffer@items=\count93
)
(/home/byoshiwara/texmf/tex/generic/pgf/systemlayer/pgfsysprotocol.code.tex
File: pgfsysprotocol.code.tex 2006/10/16  (rcs-revision 1.4)
))
(/usr/share/texlive/texmf-dist/tex/latex/xcolor/xcolor.sty
Package: xcolor 2007/01/21 v2.11 LaTeX color extensions (UK)

(/usr/share/texlive/texmf-dist/tex/latex/latexconfig/color.cfg
File: color.cfg 2007/01/18 v1.5 color configuration of teTeX/TeXLive
)
Package xcolor Info: Driver file: xetex.def on input line 225.
Package xcolor Info: Model `cmy' substituted by `cmy0' on input line 1337.
Package xcolor Info: Model `RGB' extended on input line 1353.
Package xcolor Info: Model `HTML' substituted by `rgb' on input line 1355.
Package xcolor Info: Model `Hsb' substituted by `hsb' on input line 1356.
Package xcolor Info: Model `tHsb' substituted by `hsb' on input line 1357.
Package xcolor Info: Model `HSB' substituted by `hsb' on input line 1358.
Package xcolor Info: Model `Gray' substituted by `gray' on input line 1359.
Package xcolor Info: Model `wave' substituted by `hsb' on input line 1360.
)
(/home/byoshiwara/texmf/tex/generic/pgf/basiclayer/pgfcore.code.tex
Package: pgfcore 2010/04/11 v3.0.1 (rcs-revision 1.7)

(/home/byoshiwara/texmf/tex/generic/pgf/math/pgfmath.code.tex
(/home/byoshiwara/texmf/tex/generic/pgf/math/pgfmathcalc.code.tex
(/home/byoshiwara/texmf/tex/generic/pgf/math/pgfmathutil.code.tex)
(/home/byoshiwara/texmf/tex/generic/pgf/math/pgfmathparser.code.tex
\pgfmath@dimen=\dimen115
\pgfmath@count=\count94
\pgfmath@box=\box27
\pgfmath@toks=\toks22
\pgfmath@stack@operand=\toks23
\pgfmath@stack@operation=\toks24
)
(/home/byoshiwara/texmf/tex/generic/pgf/math/pgfmathfunctions.code.tex
(/home/byoshiwara/texmf/tex/generic/pgf/math/pgfmathfunctions.basic.code.tex)
(/home/byoshiwara/texmf/tex/generic/pgf/math/pgfmathfunctions.trigonometric.cod
e.tex)
(/home/byoshiwara/texmf/tex/generic/pgf/math/pgfmathfunctions.random.code.tex)
(/home/byoshiwara/texmf/tex/generic/pgf/math/pgfmathfunctions.comparison.code.t
ex) (/home/byoshiwara/texmf/tex/generic/pgf/math/pgfmathfunctions.base.code.tex
) (/home/byoshiwara/texmf/tex/generic/pgf/math/pgfmathfunctions.round.code.tex)
(/home/byoshiwara/texmf/tex/generic/pgf/math/pgfmathfunctions.misc.code.tex)
(/home/byoshiwara/texmf/tex/generic/pgf/math/pgfmathfunctions.integerarithmetic
s.code.tex)))
(/home/byoshiwara/texmf/tex/generic/pgf/math/pgfmathfloat.code.tex
\c@pgfmathroundto@lastzeros=\count95
))
(/home/byoshiwara/texmf/tex/generic/pgf/basiclayer/pgfcorepoints.code.tex
File: pgfcorepoints.code.tex 2013/10/07  (rcs-revision 1.27)
\pgf@picminx=\dimen116
\pgf@picmaxx=\dimen117
\pgf@picminy=\dimen118
\pgf@picmaxy=\dimen119
\pgf@pathminx=\dimen120
\pgf@pathmaxx=\dimen121
\pgf@pathminy=\dimen122
\pgf@pathmaxy=\dimen123
\pgf@xx=\dimen124
\pgf@xy=\dimen125
\pgf@yx=\dimen126
\pgf@yy=\dimen127
\pgf@zx=\dimen128
\pgf@zy=\dimen129
)
(/home/byoshiwara/texmf/tex/generic/pgf/basiclayer/pgfcorepathconstruct.code.te
x
File: pgfcorepathconstruct.code.tex 2013/10/07  (rcs-revision 1.29)
\pgf@path@lastx=\dimen130
\pgf@path@lasty=\dimen131
) (/home/byoshiwara/texmf/tex/generic/pgf/basiclayer/pgfcorepathusage.code.tex
File: pgfcorepathusage.code.tex 2014/11/02  (rcs-revision 1.24)
\pgf@shorten@end@additional=\dimen132
\pgf@shorten@start@additional=\dimen133
) (/home/byoshiwara/texmf/tex/generic/pgf/basiclayer/pgfcorescopes.code.tex
File: pgfcorescopes.code.tex 2015/05/08  (rcs-revision 1.46)
\pgfpic=\box28
\pgf@hbox=\box29
\pgf@layerbox@main=\box30
\pgf@picture@serial@count=\count96
)
(/home/byoshiwara/texmf/tex/generic/pgf/basiclayer/pgfcoregraphicstate.code.tex
File: pgfcoregraphicstate.code.tex 2014/11/02  (rcs-revision 1.12)
\pgflinewidth=\dimen134
)
(/home/byoshiwara/texmf/tex/generic/pgf/basiclayer/pgfcoretransformations.code.
tex
File: pgfcoretransformations.code.tex 2015/08/07  (rcs-revision 1.20)
\pgf@pt@x=\dimen135
\pgf@pt@y=\dimen136
\pgf@pt@temp=\dimen137
) (/home/byoshiwara/texmf/tex/generic/pgf/basiclayer/pgfcorequick.code.tex
File: pgfcorequick.code.tex 2008/10/09  (rcs-revision 1.3)
)
(/home/byoshiwara/texmf/tex/generic/pgf/basiclayer/pgfcoreobjects.code.tex
File: pgfcoreobjects.code.tex 2006/10/11  (rcs-revision 1.2)
)
(/home/byoshiwara/texmf/tex/generic/pgf/basiclayer/pgfcorepathprocessing.code.t
ex
File: pgfcorepathprocessing.code.tex 2013/09/09  (rcs-revision 1.9)
) (/home/byoshiwara/texmf/tex/generic/pgf/basiclayer/pgfcorearrows.code.tex
File: pgfcorearrows.code.tex 2015/05/14  (rcs-revision 1.43)
\pgfarrowsep=\dimen138
)
(/home/byoshiwara/texmf/tex/generic/pgf/basiclayer/pgfcoreshade.code.tex
File: pgfcoreshade.code.tex 2013/07/15  (rcs-revision 1.15)
\pgf@max=\dimen139
\pgf@sys@shading@range@num=\count97
)
(/home/byoshiwara/texmf/tex/generic/pgf/basiclayer/pgfcoreimage.code.tex
File: pgfcoreimage.code.tex 2013/07/15  (rcs-revision 1.18)

(/home/byoshiwara/texmf/tex/generic/pgf/basiclayer/pgfcoreexternal.code.tex
File: pgfcoreexternal.code.tex 2014/07/09  (rcs-revision 1.21)
\pgfexternal@startupbox=\box31
))
(/home/byoshiwara/texmf/tex/generic/pgf/basiclayer/pgfcorelayers.code.tex
File: pgfcorelayers.code.tex 2013/07/18  (rcs-revision 1.7)
)
(/home/byoshiwara/texmf/tex/generic/pgf/basiclayer/pgfcoretransparency.code.tex
File: pgfcoretransparency.code.tex 2013/09/30  (rcs-revision 1.5)
) (/home/byoshiwara/texmf/tex/generic/pgf/basiclayer/pgfcorepatterns.code.tex
File: pgfcorepatterns.code.tex 2013/11/07  (rcs-revision 1.5)
))) (/home/byoshiwara/texmf/tex/generic/pgf/modules/pgfmoduleshapes.code.tex
File: pgfmoduleshapes.code.tex 2014/03/21  (rcs-revision 1.35)
\pgfnodeparttextbox=\box32
)
(/home/byoshiwara/texmf/tex/generic/pgf/modules/pgfmoduleplot.code.tex
File: pgfmoduleplot.code.tex 2015/08/03  (rcs-revision 1.13)
)
(/home/byoshiwara/texmf/tex/latex/pgf/compatibility/pgfcomp-version-0-65.sty
Package: pgfcomp-version-0-65 2007/07/03 v3.0.1 (rcs-revision 1.7)
\pgf@nodesepstart=\dimen140
\pgf@nodesepend=\dimen141
)
(/home/byoshiwara/texmf/tex/latex/pgf/compatibility/pgfcomp-version-1-18.sty
Package: pgfcomp-version-1-18 2007/07/23 v3.0.1 (rcs-revision 1.1)
))
(/home/byoshiwara/texmf/tex/latex/pgf/utilities/pgffor.sty
(/home/byoshiwara/texmf/tex/latex/pgf/utilities/pgfkeys.sty
(/home/byoshiwara/texmf/tex/generic/pgf/utilities/pgfkeys.code.tex))
(/home/byoshiwara/texmf/tex/latex/pgf/math/pgfmath.sty
(/home/byoshiwara/texmf/tex/generic/pgf/math/pgfmath.code.tex))
(/home/byoshiwara/texmf/tex/generic/pgf/utilities/pgffor.code.tex
Package: pgffor 2013/12/13 v3.0.1 (rcs-revision 1.25)

(/home/byoshiwara/texmf/tex/generic/pgf/math/pgfmath.code.tex)
\pgffor@iter=\dimen142
\pgffor@skip=\dimen143
\pgffor@stack=\toks25
\pgffor@toks=\toks26
))
(/home/byoshiwara/texmf/tex/generic/pgf/frontendlayer/tikz/tikz.code.tex
Package: tikz 2015/08/07 v3.0.1 (rcs-revision 1.151)

(/home/byoshiwara/texmf/tex/generic/pgf/libraries/pgflibraryplothandlers.code.t
ex
File: pgflibraryplothandlers.code.tex 2013/08/31 v3.0.1 (rcs-revision 1.20)
\pgf@plot@mark@count=\count98
\pgfplotmarksize=\dimen144
)
\tikz@lastx=\dimen145
\tikz@lasty=\dimen146
\tikz@lastxsaved=\dimen147
\tikz@lastysaved=\dimen148
\tikzleveldistance=\dimen149
\tikzsiblingdistance=\dimen150
\tikz@figbox=\box33
\tikz@figbox@bg=\box34
\tikz@tempbox=\box35
\tikz@tempbox@bg=\box36
\tikztreelevel=\count99
\tikznumberofchildren=\count100
\tikznumberofcurrentchild=\count101
\tikz@fig@count=\count102
 (/home/byoshiwara/texmf/tex/generic/pgf/modules/pgfmodulematrix.code.tex
File: pgfmodulematrix.code.tex 2013/09/17  (rcs-revision 1.8)
\pgfmatrixcurrentrow=\count103
\pgfmatrixcurrentcolumn=\count104
\pgf@matrix@numberofcolumns=\count105
)
\tikz@expandcount=\count106

(/home/byoshiwara/texmf/tex/generic/pgf/frontendlayer/tikz/libraries/tikzlibrar
ytopaths.code.tex
File: tikzlibrarytopaths.code.tex 2008/06/17 v3.0.1 (rcs-revision 1.2)
)))
(/usr/share/texlive/texmf-dist/tex/latex/pgfplots/pgfplots.sty
(/usr/share/texlive/texmf-dist/tex/generic/pgfplots/pgfplots.revision.tex)
Package: pgfplots 2016/01/06 v1.13 Data Visualization (1.13)

(/usr/share/texlive/texmf-dist/tex/generic/pgfplots/pgfplots.code.tex
(/usr/share/texlive/texmf-dist/tex/generic/pgfplots/pgfplotscore.code.tex
\t@pgfplots@toka=\toks27
\t@pgfplots@tokb=\toks28
\t@pgfplots@tokc=\toks29
\pgfplots@tmpa=\dimen151
\c@pgfplots@coordindex=\count107
\c@pgfplots@scanlineindex=\count108

(/usr/share/texlive/texmf-dist/tex/generic/pgfplots/sys/pgfplotssysgeneric.code
.tex))
(/usr/share/texlive/texmf-dist/tex/generic/pgfplots/libs/pgfplotslibrary.code.t
ex)
(/usr/share/texlive/texmf-dist/tex/generic/pgfplots/oldpgfcompatib/pgfplotsoldp
gfsupp_loader.code.tex
(/home/byoshiwara/texmf/tex/generic/pgf/libraries/pgflibraryfpu.code.tex)
Package pgfplots: loading complementary arithmetics for your pgf version...

(/usr/share/texlive/texmf-dist/tex/generic/pgfplots/oldpgfcompatib/pgfplotsoldp
gfsupp_pgflibraryfpu.code.tex)
(/usr/share/texlive/texmf-dist/tex/generic/pgfplots/oldpgfcompatib/pgfplotsoldp
gfsupp_pgfmathfloat.code.tex
\c@pgfmathroundto@lastzeros=\count109
))
(/usr/share/texlive/texmf-dist/tex/generic/pgfplots/util/pgfplotsutil.code.tex
(/usr/share/texlive/texmf-dist/tex/generic/pgfplots/liststructure/pgfplotslists
tructure.code.tex)
(/usr/share/texlive/texmf-dist/tex/generic/pgfplots/liststructure/pgfplotslists
tructureext.code.tex)
(/usr/share/texlive/texmf-dist/tex/generic/pgfplots/liststructure/pgfplotsarray
.code.tex
\c@pgfplotsarray@tmp=\count110
)
(/usr/share/texlive/texmf-dist/tex/generic/pgfplots/liststructure/pgfplotsmatri
x.code.tex)
(/usr/share/texlive/texmf-dist/tex/generic/pgfplots/numtable/pgfplotstableshare
d.code.tex
\c@pgfplotstable@counta=\count111
\t@pgfplotstable@a=\toks30
)
(/usr/share/texlive/texmf-dist/tex/generic/pgfplots/liststructure/pgfplotsdeque
.code.tex)
(/usr/share/texlive/texmf-dist/tex/generic/pgfplots/util/pgfplotsbinary.code.te
x
(/usr/share/texlive/texmf-dist/tex/generic/pgfplots/util/pgfplotsbinary.data.co
de.tex))
(/usr/share/texlive/texmf-dist/tex/generic/pgfplots/util/pgfplotsutil.verb.code
.tex)
(/usr/share/texlive/texmf-dist/tex/generic/pgfplots/libs/pgflibrarypgfplots.sur
fshading.code.tex
\c@pgfplotslibrarysurf@no=\count112

(/usr/share/texlive/texmf-dist/tex/generic/pgfplots/sys/pgflibrarypgfplots.surf
shading.pgfsys-xetex.def
(/usr/share/texlive/texmf-dist/tex/generic/pgfplots/sys/pgflibrarypgfplots.surf
shading.pgfsys-dvipdfmx.def
\c@pgfplotslibrarysurf@streamlen=\count113
))))
(/usr/share/texlive/texmf-dist/tex/generic/pgfplots/util/pgfplotscolormap.code.
tex
(/usr/share/texlive/texmf-dist/tex/generic/pgfplots/util/pgfplotscolor.code.tex
))
(/usr/share/texlive/texmf-dist/tex/generic/pgfplots/pgfplotsstackedplots.code.t
ex)
(/usr/share/texlive/texmf-dist/tex/generic/pgfplots/pgfplotsplothandlers.code.t
ex
(/usr/share/texlive/texmf-dist/tex/generic/pgfplots/pgfplotsmeshplothandler.cod
e.tex
(/usr/share/texlive/texmf-dist/tex/generic/pgfplots/pgfplotsmeshplotimage.code.
tex)))
(/usr/share/texlive/texmf-dist/tex/generic/pgfplots/pgfplots.scaling.code.tex)
(/usr/share/texlive/texmf-dist/tex/generic/pgfplots/pgfplotscoordprocessing.cod
e.tex)
(/usr/share/texlive/texmf-dist/tex/generic/pgfplots/pgfplots.errorbars.code.tex
) (/usr/share/texlive/texmf-dist/tex/generic/pgfplots/pgfplots.markers.code.tex
) (/usr/share/texlive/texmf-dist/tex/generic/pgfplots/pgfplotsticks.code.tex)
(/usr/share/texlive/texmf-dist/tex/generic/pgfplots/pgfplots.paths.code.tex)
(/home/byoshiwara/texmf/tex/generic/pgf/frontendlayer/tikz/libraries/tikzlibrar
ydecorations.code.tex
(/home/byoshiwara/texmf/tex/generic/pgf/modules/pgfmoduledecorations.code.tex
\pgfdecoratedcompleteddistance=\dimen152
\pgfdecoratedremainingdistance=\dimen153
\pgfdecoratedinputsegmentcompleteddistance=\dimen154
\pgfdecoratedinputsegmentremainingdistance=\dimen155
\pgf@decorate@distancetomove=\dimen156
\pgf@decorate@repeatstate=\count114
\pgfdecorationsegmentamplitude=\dimen157
\pgfdecorationsegmentlength=\dimen158
)
\tikz@lib@dec@box=\box37
)
(/home/byoshiwara/texmf/tex/generic/pgf/frontendlayer/tikz/libraries/tikzlibrar
ydecorations.pathmorphing.code.tex
(/home/byoshiwara/texmf/tex/generic/pgf/libraries/decorations/pgflibrarydecorat
ions.pathmorphing.code.tex))
(/home/byoshiwara/texmf/tex/generic/pgf/frontendlayer/tikz/libraries/tikzlibrar
ydecorations.pathreplacing.code.tex
(/home/byoshiwara/texmf/tex/generic/pgf/libraries/decorations/pgflibrarydecorat
ions.pathreplacing.code.tex))
\pgfplots@numplots=\count115
\pgfplots@xmin@reg=\dimen159
\pgfplots@xmax@reg=\dimen160
\pgfplots@ymin@reg=\dimen161
\pgfplots@ymax@reg=\dimen162
\pgfplots@zmin@reg=\dimen163
\pgfplots@zmax@reg=\dimen164
)
(/home/byoshiwara/texmf/tex/generic/pgf/frontendlayer/tikz/libraries/tikzlibrar
yplotmarks.code.tex
File: tikzlibraryplotmarks.code.tex 2008/01/09 v3.0.1 (rcs-revision 1.1)

(/home/byoshiwara/texmf/tex/generic/pgf/libraries/pgflibraryplotmarks.code.tex
File: pgflibraryplotmarks.code.tex 2015/08/03 v3.0.1 (rcs-revision 1.14)
)))
(/home/byoshiwara/texmf/tex/generic/pgf/frontendlayer/tikz/libraries/tikzlibrar
ycalc.code.tex
File: tikzlibrarycalc.code.tex 2013/07/15 v3.0.1 (rcs-revision 1.9)
)
(/home/byoshiwara/texmf/tex/generic/pgf/frontendlayer/tikz/libraries/tikzlibrar
yarrows.code.tex
File: tikzlibraryarrows.code.tex 2008/01/09 v3.0.1 (rcs-revision 1.1)

(/home/byoshiwara/texmf/tex/generic/pgf/libraries/pgflibraryarrows.code.tex
File: pgflibraryarrows.code.tex 2013/09/23 v3.0.1 (rcs-revision 1.16)
\arrowsize=\dimen165
))
(/home/byoshiwara/texmf/tex/generic/pgf/frontendlayer/tikz/libraries/tikzlibrar
ypatterns.code.tex
File: tikzlibrarypatterns.code.tex 2008/01/15 v3.0.1 (rcs-revision 1.2)

(/home/byoshiwara/texmf/tex/generic/pgf/libraries/pgflibrarypatterns.code.tex
File: pgflibrarypatterns.code.tex 2008/03/03 v3.0.1 (rcs-revision 1.13)
))
(/home/byoshiwara/texmf/tex/generic/pgf/frontendlayer/tikz/libraries/tikzlibrar
yshapes.misc.code.tex
File: tikzlibraryshapes.misc.code.tex 2008/01/09 v3.0.1 (rcs-revision 1.1)

(/home/byoshiwara/texmf/tex/generic/pgf/libraries/shapes/pgflibraryshapes.misc.
code.tex
File: pgflibraryshapes.misc.code.tex 2013/07/18 v3.0.1 (rcs-revision 1.5)
)) (./tikz-ch6.aux)
\openout1 = `tikz-ch6.aux'.

LaTeX Font Info:    Checking defaults for OML/cmm/m/it on input line 16.
LaTeX Font Info:    ... okay on input line 16.
LaTeX Font Info:    Checking defaults for T1/cmr/m/n on input line 16.
LaTeX Font Info:    ... okay on input line 16.
LaTeX Font Info:    Checking defaults for OT1/cmr/m/n on input line 16.
LaTeX Font Info:    ... okay on input line 16.
LaTeX Font Info:    Checking defaults for OMS/cmsy/m/n on input line 16.
LaTeX Font Info:    ... okay on input line 16.
LaTeX Font Info:    Checking defaults for OMX/cmex/m/n on input line 16.
LaTeX Font Info:    ... okay on input line 16.
LaTeX Font Info:    Checking defaults for U/cmr/m/n on input line 16.
LaTeX Font Info:    ... okay on input line 16.
 ABD: EveryShipout initializing macros

Package pgfplots Warning: running in backwards compatibility mode (unsuitable t
ick labels; missing features). Consider writing \pgfplotsset{compat=1.13} into 
your preamble.
 on input line 16.

LaTeX Font Info:    External font `cmex10' loaded for size
(Font)              <14.4> on input line 17.
LaTeX Font Info:    External font `cmex10' loaded for size
(Font)              <7> on input line 17.
LaTeX Font Info:    External font `cmex10' loaded for size
(Font)              <5> on input line 30.
LaTeX Font Info:    External font `cmex10' loaded for size
(Font)              <10.95> on input line 77.
LaTeX Font Info:    External font `cmex10' loaded for size
(Font)              <8> on input line 77.
LaTeX Font Info:    External font `cmex10' loaded for size
(Font)              <6> on input line 77.

Underfull \hbox (badness 10000) in paragraph at lines 139--141

 []


Underfull \hbox (badness 10000) in paragraph at lines 295--297

 []

[1

]
LaTeX Font Info:    External font `cmex10' loaded for size
(Font)              <12> on input line 312.

Underfull \hbox (badness 10000) in paragraph at lines 299--319

 []

[2]
Underfull \hbox (badness 10000) in paragraph at lines 320--340

 []


Underfull \hbox (badness 10000) in paragraph at lines 341--361

 []


Underfull \hbox (badness 10000) in paragraph at lines 363--384

 []

[3]
Underfull \hbox (badness 10000) in paragraph at lines 385--406

 []


LaTeX Font Warning: Command \small invalid in math mode on input line 436.


LaTeX Font Warning: Command \small invalid in math mode on input line 465.


Overfull \hbox (81.24846pt too wide) in paragraph at lines 467--469
[][] 
 []


Underfull \hbox (badness 10000) in paragraph at lines 467--469

 []


Underfull \hbox (badness 10000) in paragraph at lines 490--492

 []


Underfull \hbox (badness 10000) in paragraph at lines 511--513

 []

[4]
Missing character: There is no ; in font nullfont!

Overfull \hbox (7.90056pt too wide) in paragraph at lines 533--533
[][][][]\OT1/cmr/m/n/12 0.5  
 []


Overfull \hbox (7.90056pt too wide) in paragraph at lines 533--533
[][][][]\OT1/cmr/m/n/12 1.5  
 []


Overfull \hbox (7.90056pt too wide) in paragraph at lines 533--533
[][][][]\OT1/cmr/m/n/12 2.5  
 []


Overfull \hbox (7.90056pt too wide) in paragraph at lines 533--533
[][][][]\OT1/cmr/m/n/12 3.5  
 []


Overfull \hbox (7.90056pt too wide) in paragraph at lines 533--533
[][][][]\OT1/cmr/m/n/12 4.5  
 []


Overfull \hbox (7.90056pt too wide) in paragraph at lines 533--533
[][][][]\OT1/cmr/m/n/12 5.5  
 []

Missing character: There is no ; in font nullfont!

Underfull \hbox (badness 10000) in paragraph at lines 535--537

 []


Underfull \hbox (badness 10000) in paragraph at lines 567--569

 []

[5]
Underfull \hbox (badness 10000) in paragraph at lines 588--590

 []


Underfull \hbox (badness 10000) in paragraph at lines 592--613

 []


Underfull \hbox (badness 10000) in paragraph at lines 615--625

 []

[6]
Underfull \hbox (badness 10000) in paragraph at lines 628--647

 []


Underfull \hbox (badness 10000) in paragraph at lines 649--662

 []


Underfull \hbox (badness 10000) in paragraph at lines 664--677

 []


Underfull \hbox (badness 10000) in paragraph at lines 679--692

 []

[7]
Underfull \hbox (badness 10000) in paragraph at lines 694--707

 []


Underfull \hbox (badness 10000) in paragraph at lines 709--727

 []


Overfull \hbox (3.80531pt too wide) in paragraph at lines 744--744
[][][][]$[]$  
 []


Overfull \hbox (3.80531pt too wide) in paragraph at lines 745--745
[][][][]$[]$  
 []


Overfull \hbox (3.80531pt too wide) in paragraph at lines 746--746
[][][][]$[]$  
 []


Overfull \hbox (3.80531pt too wide) in paragraph at lines 747--747
[][][][]$[]$  
 []


Overfull \hbox (9.68025pt too wide) in paragraph at lines 748--748
[][][][]$[]$  
 []


Overfull \hbox (9.68025pt too wide) in paragraph at lines 749--749
[][][][]$[]$  
 []


Overfull \hbox (9.68025pt too wide) in paragraph at lines 750--750
[][][][]$[]$  
 []


Overfull \hbox (1.40532pt too wide) in paragraph at lines 751--751
[][][][]$\OML/cmm/m/it/12 ^^Y$  
 []


Overfull \hbox (9.68025pt too wide) in paragraph at lines 752--752
[][][][]$[]$  
 []


Overfull \hbox (9.68025pt too wide) in paragraph at lines 753--753
[][][][]$[]$  
 []


Overfull \hbox (9.68025pt too wide) in paragraph at lines 754--754
[][][][]$[]$  
 []


Overfull \hbox (6.83481pt too wide) in paragraph at lines 755--755
[][][][]$[]$  
 []


Overfull \hbox (5.41208pt too wide) in paragraph at lines 756--756
[][][][]$[]$  
 []


Overfull \hbox (5.41208pt too wide) in paragraph at lines 757--757
[][][][]$[]$  
 []


Overfull \hbox (9.86473pt too wide) in paragraph at lines 758--758
[][][][]$[]$  
 []


Underfull \hbox (badness 10000) in paragraph at lines 729--762

 []

Missing character: There is no ; in font nullfont!
[8]
Underfull \hbox (badness 10000) in paragraph at lines 780--782

 []

Missing character: There is no ; in font nullfont!

Underfull \hbox (badness 10000) in paragraph at lines 805--807

 []


Underfull \hbox (badness 10000) in paragraph at lines 809--821

 []


Underfull \hbox (badness 10000) in paragraph at lines 823--835

 []


Underfull \hbox (badness 10000) in paragraph at lines 837--849

 []

[9]
Underfull \hbox (badness 10000) in paragraph at lines 851--866

 []

Missing character: There is no ; in font nullfont!

Underfull \hbox (badness 10000) in paragraph at lines 881--883

 []


Underfull \hbox (badness 10000) in paragraph at lines 885--902

 []

[10]
Underfull \hbox (badness 10000) in paragraph at lines 904--919

 []


Underfull \hbox (badness 10000) in paragraph at lines 921--935

 []

[11]
Underfull \hbox (badness 10000) in paragraph at lines 937--953

 []


Underfull \hbox (badness 10000) in paragraph at lines 955--970

 []


Underfull \hbox (badness 10000) in paragraph at lines 972--987

 []


Overfull \hbox (1.60721pt too wide) in paragraph at lines 1015--1015
[][][][]\OT1/cmr/m/n/12 1  
 []


Overfull \hbox (1.60721pt too wide) in paragraph at lines 1016--1016
[][][][]\OT1/cmr/m/n/12 1  
 []


Underfull \hbox (badness 10000) in paragraph at lines 989--1020

 []

[12]
Overfull \hbox (108.99489pt too wide) in paragraph at lines 1021--1113
[]\OT1/cmr/m/n/12 fig-6-2refang [] 
 []


Underfull \hbox (badness 10000) in paragraph at lines 1021--1113

 []

[13]
Missing character: There is no ; in font nullfont!

Overfull \hbox (3.63281pt too wide) in paragraph at lines 1130--1130
[][][][]\OT1/cmr/m/n/12 0.5  
 []


Overfull \hbox (3.63281pt too wide) in paragraph at lines 1130--1130
[][][][]\OT1/cmr/m/n/12 1.5  
 []


Overfull \hbox (3.63281pt too wide) in paragraph at lines 1130--1130
[][][][]\OT1/cmr/m/n/12 2.5  
 []


Overfull \hbox (3.63281pt too wide) in paragraph at lines 1130--1130
[][][][]\OT1/cmr/m/n/12 3.5  
 []


Overfull \hbox (3.63281pt too wide) in paragraph at lines 1130--1130
[][][][]\OT1/cmr/m/n/12 4.5  
 []


Overfull \hbox (3.63281pt too wide) in paragraph at lines 1130--1130
[][][][]\OT1/cmr/m/n/12 5.5  
 []

Missing character: There is no ; in font nullfont!
Missing character: There is no ; in font nullfont!
Missing character: There is no ; in font nullfont!

Underfull \hbox (badness 10000) in paragraph at lines 1115--1142

 []


Underfull \hbox (badness 10000) in paragraph at lines 1144--1170

 []


Underfull \hbox (badness 10000) in paragraph at lines 1172--1198

 []


Underfull \hbox (badness 10000) in paragraph at lines 1200--1222

 []

[14]
Underfull \hbox (badness 10000) in paragraph at lines 1224--1241

 []


Underfull \hbox (badness 10000) in paragraph at lines 1259--1261

 []


Underfull \hbox (badness 10000) in paragraph at lines 1263--1281

 []


Underfull \hbox (badness 10000) in paragraph at lines 1303--1305

 []

[15]
Underfull \hbox (badness 10000) in paragraph at lines 1307--1324

 []

Missing character: There is no ; in font nullfont!
Missing character: There is no ; in font nullfont!
Missing character: There is no ; in font nullfont!

Underfull \hbox (badness 10000) in paragraph at lines 1326--1349

 []

Missing character: There is no ; in font nullfont!

Underfull \hbox (badness 10000) in paragraph at lines 1351--1369

 []

[16]
Missing character: There is no ; in font nullfont!

Underfull \hbox (badness 10000) in paragraph at lines 1371--1388

 []

Missing character: There is no ; in font nullfont!

Underfull \hbox (badness 10000) in paragraph at lines 1390--1407

 []

Missing character: There is no ; in font nullfont!

Underfull \hbox (badness 10000) in paragraph at lines 1409--1426

 []


Overfull \hbox (1.60721pt too wide) in paragraph at lines 1444--1444
[][][][]$\OT1/cmr/m/n/12 1$  
 []


Overfull \hbox (1.60721pt too wide) in paragraph at lines 1445--1445
[][][][]$\OT1/cmr/m/n/12 1$  
 []


Underfull \hbox (badness 10000) in paragraph at lines 1428--1449

 []


Overfull \hbox (1.60721pt too wide) in paragraph at lines 1467--1467
[][][][]$\OT1/cmr/m/n/12 1$  
 []


Overfull \hbox (1.60721pt too wide) in paragraph at lines 1468--1468
[][][][]$\OT1/cmr/m/n/12 1$  
 []


Underfull \hbox (badness 10000) in paragraph at lines 1451--1472

 []

[17]
Overfull \hbox (1.60721pt too wide) in paragraph at lines 1490--1490
[][][][]$\OT1/cmr/m/n/12 1$  
 []


Overfull \hbox (1.60721pt too wide) in paragraph at lines 1491--1491
[][][][]$\OT1/cmr/m/n/12 1$  
 []


Underfull \hbox (badness 10000) in paragraph at lines 1474--1495

 []


Underfull \hbox (badness 10000) in paragraph at lines 1497--1511

 []


Underfull \hbox (badness 10000) in paragraph at lines 1513--1526

 []

[18]
Underfull \hbox (badness 10000) in paragraph at lines 1528--1544

 []


Underfull \hbox (badness 10000) in paragraph at lines 1546--1569

 []


Underfull \hbox (badness 10000) in paragraph at lines 1571--1596

 []


Underfull \hbox (badness 10000) in paragraph at lines 1598--1623

 []

[19] (./tikz-ch6.aux) ) 
Here is how much of TeX's memory you used:
 21598 strings out of 495579
 572519 string characters out of 6187321
 727546 words of memory out of 5000000
 24546 multiletter control sequences out of 15000+600000
 9417 words of font info for 33 fonts, out of 8000000 for 9000
 14 hyphenation exceptions out of 8191
 55i,8n,77p,725b,647s stack positions out of 5000i,500n,10000p,200000b,80000s

Output written on tikz-ch6.pdf (19 pages).
