\BOOKMARK [0][-]{chapter*.1}{Preface}{}% 1
\BOOKMARK [0][-]{chapter.1}{Triangles\040and\040Circles}{}% 2
\BOOKMARK [1][-]{section.1.1}{Angles\040and\040Triangles}{chapter.1}% 3
\BOOKMARK [2][-]{subsection*.4}{Triangles}{section.1.1}% 4
\BOOKMARK [2][-]{subsection*.17}{Angles}{section.1.1}% 5
\BOOKMARK [2][-]{subsection*.28}{Algebra\040Refresher}{section.1.1}% 6
\BOOKMARK [2][-]{subsection*.30}{Algebra\040Refresher\040Answers}{section.1.1}% 7
\BOOKMARK [2][-]{subsection*.31}{Section\0401.1\040Summary}{section.1.1}% 8
\BOOKMARK [2][-]{subsection*.37}{Homework\0401.1}{section.1.1}% 9
\BOOKMARK [1][-]{section.1.2}{Similar\040Triangles}{chapter.1}% 10
\BOOKMARK [2][-]{subsection*.38}{Congruent\040Triangles}{section.1.2}% 11
\BOOKMARK [2][-]{subsection*.43}{Similar\040Triangles}{section.1.2}% 12
\BOOKMARK [2][-]{subsection*.48}{Using\040Proportions\040with\040Similar\040Triangles}{section.1.2}% 13
\BOOKMARK [2][-]{subsection*.52}{Similar\040Right\040Triangles}{section.1.2}% 14
\BOOKMARK [2][-]{subsection*.55}{Overlapping\040Triangles}{section.1.2}% 15
\BOOKMARK [2][-]{subsection*.58}{Algebra\040Refresher}{section.1.2}% 16
\BOOKMARK [2][-]{subsection*.60}{Algebra\040Refresher\040Answers}{section.1.2}% 17
\BOOKMARK [2][-]{subsection*.61}{Section\0401.2\040Summary}{section.1.2}% 18
\BOOKMARK [2][-]{subsection*.67}{Homework\0401.2}{section.1.2}% 19
\BOOKMARK [1][-]{section.1.3}{Circles}{chapter.1}% 20
\BOOKMARK [2][-]{subsection*.68}{The\040Distance\040Formula}{section.1.3}% 21
\BOOKMARK [2][-]{subsection*.73}{Equation\040for\040a\040Circle}{section.1.3}% 22
\BOOKMARK [2][-]{subsection*.77}{Rational\040and\040Irrational\040Numbers}{section.1.3}% 23
\BOOKMARK [2][-]{subsection*.81}{Circumference\040and\040Area}{section.1.3}% 24
\BOOKMARK [2][-]{subsection*.88}{Algebra\040Refresher}{section.1.3}% 25
\BOOKMARK [2][-]{subsection*.90}{Algebra\040Refresher\040Answers}{section.1.3}% 26
\BOOKMARK [2][-]{subsection*.91}{Section\0401.3\040Summary}{section.1.3}% 27
\BOOKMARK [2][-]{subsection*.100}{Homework\0401.3}{section.1.3}% 28
\BOOKMARK [1][-]{section.1.4}{Chapter\0401\040Summary\040and\040Review}{chapter.1}% 29
\BOOKMARK [2][-]{subsection*.101}{Key\040Concepts}{section.1.4}% 30
\BOOKMARK [2][-]{subsection*.107}{Chapter\0401\040Review\040Problems}{section.1.4}% 31
\BOOKMARK [0][-]{chapter.2}{The\040Trigonometric\040Ratios}{}% 32
\BOOKMARK [1][-]{section.2.1}{Side\040and\040Angle\040Relationships}{chapter.2}% 33
\BOOKMARK [2][-]{subsection*.109}{Introduction}{section.2.1}% 34
\BOOKMARK [2][-]{subsection*.113}{The\040Triangle\040Inequality}{section.2.1}% 35
\BOOKMARK [2][-]{subsection*.117}{Right\040Triangles:\040The\040Pythagorean\040Theorem}{section.2.1}% 36
\BOOKMARK [2][-]{subsection*.124}{Algebra\040Refresher}{section.2.1}% 37
\BOOKMARK [2][-]{subsection*.126}{Algebra\040Refresher\040Answers}{section.2.1}% 38
\BOOKMARK [2][-]{subsection*.127}{Section\0402.1\040Summary}{section.2.1}% 39
\BOOKMARK [2][-]{subsection*.132}{Homework\0402.1}{section.2.1}% 40
\BOOKMARK [1][-]{section.2.2}{Right\040Triangle\040Trigonometry}{chapter.2}% 41
\BOOKMARK [2][-]{subsection*.133}{The\040Sine\040of\040an\040Angle}{section.2.2}% 42
\BOOKMARK [2][-]{subsection*.138}{Using\040a\040Calculator}{section.2.2}% 43
\BOOKMARK [2][-]{subsection*.143}{Using\040the\040Sine\040Ratio\040to\040Find\040an\040Unknown\040Side}{section.2.2}% 44
\BOOKMARK [2][-]{subsection*.147}{The\040Cosine\040and\040the\040Tangent}{section.2.2}% 45
\BOOKMARK [2][-]{subsection*.155}{The\040Three\040Trigonometric\040Ratios}{section.2.2}% 46
\BOOKMARK [2][-]{subsection*.159}{Algebra\040Refresher}{section.2.2}% 47
\BOOKMARK [2][-]{subsection*.161}{Algebra\040Refresher\040Answers}{section.2.2}% 48
\BOOKMARK [2][-]{subsection*.162}{Section\0402.2\040Summary}{section.2.2}% 49
\BOOKMARK [2][-]{subsection*.168}{Homework\0402.2}{section.2.2}% 50
\BOOKMARK [1][-]{section.2.3}{Solving\040Right\040Triangles}{chapter.2}% 51
\BOOKMARK [2][-]{subsection*.169}{Introduction}{section.2.3}% 52
\BOOKMARK [2][-]{subsection*.172}{Finding\040an\040Angle}{section.2.3}% 53
\BOOKMARK [2][-]{subsection*.179}{The\040Special\040Angles}{section.2.3}% 54
\BOOKMARK [2][-]{subsection*.183}{The\040Trigonometric\040Ratios\040for\040the\040Special\040Angles}{section.2.3}% 55
\BOOKMARK [2][-]{subsection*.187}{Algebra\040Refresher}{section.2.3}% 56
\BOOKMARK [2][-]{subsection*.189}{Algebra\040Refresher\040Answers}{section.2.3}% 57
\BOOKMARK [2][-]{subsection*.190}{Section\0402.3\040Summary}{section.2.3}% 58
\BOOKMARK [2][-]{subsection*.195}{Homework\0402.3}{section.2.3}% 59
\BOOKMARK [1][-]{section.2.4}{Chapter\0402\040Summary\040and\040Review}{chapter.2}% 60
\BOOKMARK [2][-]{subsection*.196}{Key\040Concepts}{section.2.4}% 61
\BOOKMARK [2][-]{subsection*.198}{Chapter\0402\040Review\040Problems}{section.2.4}% 62
\BOOKMARK [0][-]{chapter.3}{Laws\040of\040Sines\040and\040Cosines}{}% 63
\BOOKMARK [1][-]{section.3.1}{Obtuse\040Angles}{chapter.3}% 64
\BOOKMARK [2][-]{subsection*.199}{Angles\040in\040Standard\040Position}{section.3.1}% 65
\BOOKMARK [2][-]{subsection*.206}{Trigonometric\040Ratios\040for\040Obtuse\040Angles}{section.3.1}% 66
\BOOKMARK [2][-]{subsection*.209}{Using\040a\040Calculator}{section.3.1}% 67
\BOOKMARK [2][-]{subsection*.212}{Trigonometric\040Ratios\040for\040Supplementary\040Angles}{section.3.1}% 68
\BOOKMARK [2][-]{subsection*.219}{Supplements\040of\040the\040Special\040Angles}{section.3.1}% 69
\BOOKMARK [2][-]{subsection*.224}{The\040Area\040of\040a\040Triangle}{section.3.1}% 70
\BOOKMARK [2][-]{subsection*.229}{Algebra\040Refresher}{section.3.1}% 71
\BOOKMARK [2][-]{subsection*.231}{Algebra\040Refresher\040Answers}{section.3.1}% 72
\BOOKMARK [2][-]{subsection*.232}{Section\0403.1\040Summary}{section.3.1}% 73
\BOOKMARK [2][-]{subsection*.240}{Homework\0403.1}{section.3.1}% 74
\BOOKMARK [1][-]{section.3.2}{The\040Law\040of\040Sines}{chapter.3}% 75
\BOOKMARK [2][-]{subsection*.243}{Finding\040a\040Side}{section.3.2}% 76
\BOOKMARK [2][-]{subsection*.246}{Solving\040Triangles\040with\040the\040Law\040of\040Sines}{section.3.2}% 77
\BOOKMARK [2][-]{subsection*.249}{Finding\040an\040Angle}{section.3.2}% 78
\BOOKMARK [2][-]{subsection*.256}{Applications}{section.3.2}% 79
\BOOKMARK [2][-]{subsection*.259}{Measuring\040Astronomical\040Distances}{section.3.2}% 80
\BOOKMARK [2][-]{subsection*.262}{Small\040Angles:\040Minutes\040and\040Seconds}{section.3.2}% 81
\BOOKMARK [2][-]{subsection*.266}{Algebra\040Refresher}{section.3.2}% 82
\BOOKMARK [2][-]{subsection*.268}{Answers\040to\040Algebra\040Refresher}{section.3.2}% 83
\BOOKMARK [2][-]{subsection*.269}{Section\0403.2\040Summary}{section.3.2}% 84
\BOOKMARK [2][-]{subsection*.276}{Homework\0403.2}{section.3.2}% 85
\BOOKMARK [1][-]{section.3.3}{The\040Law\040of\040Cosines}{chapter.3}% 86
\BOOKMARK [2][-]{subsection*.279}{Finding\040a\040Side}{section.3.3}% 87
\BOOKMARK [2][-]{subsection*.283}{Finding\040an\040Angle}{section.3.3}% 88
\BOOKMARK [2][-]{subsection*.287}{Using\040the\040Law\040of\040Cosines\040for\040the\040Ambiguous\040Case}{section.3.3}% 89
\BOOKMARK [2][-]{subsection*.293}{Navigation}{section.3.3}% 90
\BOOKMARK [2][-]{subsection*.296}{Which\040Law\040to\040Use}{section.3.3}% 91
\BOOKMARK [2][-]{subsection*.301}{Algebra\040Refresher}{section.3.3}% 92
\BOOKMARK [2][-]{subsection*.303}{Answers\040to\040Algebra\040Refresher}{section.3.3}% 93
\BOOKMARK [2][-]{subsection*.304}{Section\0403.3\040Summary}{section.3.3}% 94
\BOOKMARK [2][-]{subsection*.311}{Homework\0403.3}{section.3.3}% 95
\BOOKMARK [1][-]{section.3.4}{Chapter\0403\040Summary\040and\040Review}{chapter.3}% 96
\BOOKMARK [2][-]{subsection*.312}{Key\040Concepts}{section.3.4}% 97
\BOOKMARK [2][-]{subsection*.320}{Chapter\0403\040Review\040Problems}{section.3.4}% 98
\BOOKMARK [1][-]{section.3.5}{Chapter\0403\040Activity}{chapter.3}% 99
\BOOKMARK [0][-]{chapter.4}{Trigonometric\040Functions}{}% 100
\BOOKMARK [1][-]{section.4.1}{Angles\040and\040Rotation}{chapter.4}% 101
\BOOKMARK [2][-]{subsection*.322}{Introduction}{section.4.1}% 102
\BOOKMARK [2][-]{subsection*.325}{Angles\040in\040Standard\040Position}{section.4.1}% 103
\BOOKMARK [2][-]{subsection*.328}{Trigonometric\040Ratios\040for\040All\040Angles}{section.4.1}% 104
\BOOKMARK [2][-]{subsection*.334}{Reference\040Angles}{section.4.1}% 105
\BOOKMARK [2][-]{subsection*.340}{Using\040Reference\040Angles}{section.4.1}% 106
\BOOKMARK [2][-]{subsection*.345}{Coterminal\040Angles}{section.4.1}% 107
\BOOKMARK [2][-]{subsection*.348}{Solving\040Trigonometric\040Equations}{section.4.1}% 108
\BOOKMARK [2][-]{subsection*.353}{The\040Special\040Angles}{section.4.1}% 109
\BOOKMARK [2][-]{subsection*.357}{The\040Unit\040Circle}{section.4.1}% 110
\BOOKMARK [2][-]{subsection*.361}{Algebra\040Refresher}{section.4.1}% 111
\BOOKMARK [2][-]{subsection*.363}{Algebra\040Refresher\040Answers}{section.4.1}% 112
\BOOKMARK [2][-]{subsection*.364}{Section\0404.1\040Summary}{section.4.1}% 113
\BOOKMARK [2][-]{subsection*.372}{Homework\0404.1}{section.4.1}% 114
\BOOKMARK [1][-]{section.4.2}{Graphs\040of\040Trigonometric\040Functions}{chapter.4}% 115
\BOOKMARK [2][-]{subsection*.373}{Location\040by\040Coordinates}{section.4.2}% 116
\BOOKMARK [2][-]{subsection*.377}{Bearings}{section.4.2}% 117
\BOOKMARK [2][-]{subsection*.380}{A\040Periodic\040Function\040of\040Angle}{section.4.2}% 118
\BOOKMARK [2][-]{subsection*.381}{The\040Sine\040Function}{section.4.2}% 119
\BOOKMARK [2][-]{subsection*.384}{The\040Cosine\040Function}{section.4.2}% 120
\BOOKMARK [2][-]{subsection*.387}{Function\040Notation}{section.4.2}% 121
\BOOKMARK [2][-]{subsection*.392}{The\040Tangent\040Function}{section.4.2}% 122
\BOOKMARK [2][-]{subsection*.395}{Angle\040of\040Inclination}{section.4.2}% 123
\BOOKMARK [2][-]{subsection*.400}{Algebra\040Refresher}{section.4.2}% 124
\BOOKMARK [2][-]{subsection*.402}{Algebra\040Refresher\040Answers}{section.4.2}% 125
\BOOKMARK [2][-]{subsection*.403}{Section\0404.2\040Summary}{section.4.2}% 126
\BOOKMARK [2][-]{subsection*.410}{Homework\0404.2}{section.4.2}% 127
\BOOKMARK [1][-]{section.4.3}{Periodic\040Functions}{chapter.4}% 128
\BOOKMARK [2][-]{subsection*.411}{Period,\040Midline\040and\040Amplitude}{section.4.3}% 129
\BOOKMARK [2][-]{subsection*.417}{Sinusoidal\040Functions}{section.4.3}% 130
\BOOKMARK [2][-]{subsection*.422}{Other\040Periodic\040Functions}{section.4.3}% 131
\BOOKMARK [2][-]{subsection*.428}{Algebra\040Refresher}{section.4.3}% 132
\BOOKMARK [2][-]{subsection*.430}{Algebra\040Refresher\040Answers}{section.4.3}% 133
\BOOKMARK [2][-]{subsection*.431}{Section\0404.3\040Summary}{section.4.3}% 134
\BOOKMARK [2][-]{subsection*.438}{Homework\0404.3}{section.4.3}% 135
\BOOKMARK [1][-]{section.4.4}{Chapter\0404\040Summary\040and\040Review}{chapter.4}% 136
\BOOKMARK [2][-]{subsection*.439}{Key\040Concepts}{section.4.4}% 137
\BOOKMARK [2][-]{subsection*.447}{Chapter\0404\040Review\040Problems}{section.4.4}% 138
\BOOKMARK [0][-]{chapter.5}{Equations\040and\040Identities}{}% 139
\BOOKMARK [1][-]{section.5.1}{Algebra\040with\040Trigonometric\040Ratios}{chapter.5}% 140
\BOOKMARK [2][-]{subsection*.448}{Evaluating\040Trigonometric\040Expressions}{section.5.1}% 141
\BOOKMARK [2][-]{subsection*.452}{Simplifying\040Trigonometric\040Expressions}{section.5.1}% 142
\BOOKMARK [2][-]{subsection*.458}{Powers\040of\040Trigonometric\040Ratios}{section.5.1}% 143
\BOOKMARK [2][-]{subsection*.462}{Products}{section.5.1}% 144
\BOOKMARK [2][-]{subsection*.467}{Factoring}{section.5.1}% 145
\BOOKMARK [2][-]{subsection*.472}{Algebra\040Refresher}{section.5.1}% 146
\BOOKMARK [2][-]{subsection*.474}{Algebra\040Refresher\040Answers}{section.5.1}% 147
\BOOKMARK [2][-]{subsection*.475}{Section\0405.1\040Summary}{section.5.1}% 148
\BOOKMARK [2][-]{subsection*.480}{Homework\0405.1}{section.5.1}% 149
\BOOKMARK [1][-]{section.5.2}{Solving\040Equations}{chapter.5}% 150
\BOOKMARK [2][-]{subsection*.481}{Introduction}{section.5.2}% 151
\BOOKMARK [2][-]{subsection*.486}{Trigonometric\040Equations}{section.5.2}% 152
\BOOKMARK [2][-]{subsection*.487}{Solving\040Trigonometric\040Equations}{section.5.2}% 153
\BOOKMARK [2][-]{subsection*.499}{Graphical\040Solutions}{section.5.2}% 154
\BOOKMARK [2][-]{subsection*.502}{Equations\040with\040Squares\040of\040Trig\040Ratios}{section.5.2}% 155
\BOOKMARK [2][-]{subsection*.507}{Snell's\040Law}{section.5.2}% 156
\BOOKMARK [2][-]{subsection*.510}{Algebra\040Refresher}{section.5.2}% 157
\BOOKMARK [2][-]{subsection*.512}{Algebra\040Refresher\040Answers}{section.5.2}% 158
\BOOKMARK [2][-]{subsection*.513}{Section\0405.2\040Summary}{section.5.2}% 159
\BOOKMARK [2][-]{subsection*.518}{Homework\0405.2}{section.5.2}% 160
\BOOKMARK [1][-]{section.5.3}{Trigonometric\040Identities}{chapter.5}% 161
\BOOKMARK [2][-]{subsection*.519}{What\040is\040an\040Identity?}{section.5.3}% 162
\BOOKMARK [2][-]{subsection*.523}{Using\040Trigonometric\040Ratios\040in\040Identities}{section.5.3}% 163
\BOOKMARK [2][-]{subsection*.527}{Checking\040Identities\040Graphically}{section.5.3}% 164
\BOOKMARK [2][-]{subsection*.531}{Pythagorean\040Identity}{section.5.3}% 165
\BOOKMARK [2][-]{subsection*.538}{Tangent\040Identity}{section.5.3}% 166
\BOOKMARK [2][-]{subsection*.542}{Trig\040Ratios\040are\040Related}{section.5.3}% 167
\BOOKMARK [2][-]{subsection*.545}{Solving\040Equations}{section.5.3}% 168
\BOOKMARK [2][-]{subsection*.550}{Proving\040Identities}{section.5.3}% 169
\BOOKMARK [2][-]{subsection*.553}{Algebra\040Refresher}{section.5.3}% 170
\BOOKMARK [2][-]{subsection*.555}{Algebra\040Refresher\040Answers}{section.5.3}% 171
\BOOKMARK [2][-]{subsection*.556}{Section\0405.3\040Summary}{section.5.3}% 172
\BOOKMARK [2][-]{subsection*.563}{Homework\0405.3}{section.5.3}% 173
\BOOKMARK [1][-]{section.5.4}{Chapter\0405\040Summary\040and\040Review}{chapter.5}% 174
\BOOKMARK [2][-]{subsection*.564}{Key\040Concepts}{section.5.4}% 175
\BOOKMARK [2][-]{subsection*.567}{Chapter\0405\040Review\040Problems}{section.5.4}% 176
\BOOKMARK [0][-]{chapter.6}{Radians}{}% 177
\BOOKMARK [1][-]{section.6.1}{Arclength\040and\040Radians}{chapter.6}% 178
\BOOKMARK [2][-]{subsection*.568}{Arclength}{section.6.1}% 179
\BOOKMARK [2][-]{subsection*.572}{Measuring\040Angles\040in\040Radians}{section.6.1}% 180
\BOOKMARK [2][-]{subsection*.579}{Converting\040Between\040Degrees\040and\040Radians}{section.6.1}% 181
\BOOKMARK [2][-]{subsection*.584}{Arclength\040Formula}{section.6.1}% 182
\BOOKMARK [2][-]{subsection*.588}{Unit\040Circle}{section.6.1}% 183
\BOOKMARK [2][-]{subsection*.591}{Algebra\040Refresher}{section.6.1}% 184
\BOOKMARK [2][-]{subsection*.593}{Algebra\040Refresher\040Answers}{section.6.1}% 185
\BOOKMARK [2][-]{subsection*.594}{Section\0406.1\040Summary}{section.6.1}% 186
\BOOKMARK [2][-]{subsection*.602}{Homework\0406.1}{section.6.1}% 187
\BOOKMARK [1][-]{section.6.2}{The\040Circular\040Functions}{chapter.6}% 188
\BOOKMARK [2][-]{subsection*.603}{Trigonometric\040Functions\040of\040Angles\040in\040Radians}{section.6.2}% 189
\BOOKMARK [2][-]{subsection*.607}{The\040Special\040Values}{section.6.2}% 190
\BOOKMARK [2][-]{subsection*.612}{Sine\040and\040Cosine\040of\040Real\040Numbers}{section.6.2}% 191
\BOOKMARK [2][-]{subsection*.617}{Coordinates\040on\040a\040Unit\040Circle}{section.6.2}% 192
\BOOKMARK [2][-]{subsection*.621}{The\040Tangent\040Function}{section.6.2}% 193
\BOOKMARK [2][-]{subsection*.625}{Algebra\040Refresher}{section.6.2}% 194
\BOOKMARK [2][-]{subsection*.627}{Algebra\040Refresher\040Answers}{section.6.2}% 195
\BOOKMARK [2][-]{subsection*.628}{Section\0406.2\040Summary}{section.6.2}% 196
\BOOKMARK [2][-]{subsection*.635}{Homework\0406.2}{section.6.2}% 197
\BOOKMARK [1][-]{section.6.3}{Graphs\040of\040the\040Circular\040Functions}{chapter.6}% 198
\BOOKMARK [2][-]{subsection*.636}{The\040Sine\040and\040Cosine\040Functions}{section.6.3}% 199
\BOOKMARK [2][-]{subsection*.641}{The\040Tangent\040Function}{section.6.3}% 200
\BOOKMARK [2][-]{subsection*.645}{Solving\040Equations}{section.6.3}% 201
\BOOKMARK [2][-]{subsection*.652}{Modeling\040with\040Circular\040Functions}{section.6.3}% 202
\BOOKMARK [2][-]{subsection*.655}{Domain\040and\040Range}{section.6.3}% 203
\BOOKMARK [2][-]{subsection*.658}{Algebra\040Refresher}{section.6.3}% 204
\BOOKMARK [2][-]{subsection*.660}{Algebra\040Refresher\040Answers}{section.6.3}% 205
\BOOKMARK [2][-]{subsection*.661}{Section\0406.3\040Summary}{section.6.3}% 206
\BOOKMARK [2][-]{subsection*.669}{Homework\0406.3}{section.6.3}% 207
\BOOKMARK [1][-]{section.6.4}{Chapter\0406\040Summary\040and\040Review}{chapter.6}% 208
\BOOKMARK [2][-]{subsection*.670}{Key\040Concepts}{section.6.4}% 209
\BOOKMARK [2][-]{subsection*.679}{Chapter\0406\040Review\040Problems}{section.6.4}% 210
\BOOKMARK [0][-]{chapter.7}{Circular\040Functions}{}% 211
\BOOKMARK [1][-]{section.7.1}{Transformations\040of\040Graphs}{chapter.7}% 212
\BOOKMARK [2][-]{subsection*.680}{Period,\040Midline,\040and\040Amplitude}{section.7.1}% 213
\BOOKMARK [2][-]{subsection*.688}{Graphs\040of\040Sinusoidal\040Functions}{section.7.1}% 214
\BOOKMARK [2][-]{subsection*.691}{Modeling\040with\040Sinusoidal\040Functions}{section.7.1}% 215
\BOOKMARK [2][-]{subsection*.695}{The\040Tangent\040Function}{section.7.1}% 216
\BOOKMARK [2][-]{subsection*.698}{Algebra\040Refresher}{section.7.1}% 217
\BOOKMARK [2][-]{subsection*.700}{Algebra\040Refresher\040Answers}{section.7.1}% 218
\BOOKMARK [2][-]{subsection*.701}{Section\0407.1\040Summary}{section.7.1}% 219
\BOOKMARK [2][-]{subsection*.707}{Homework\0407-1}{section.7.1}% 220
\BOOKMARK [1][-]{section.7.2}{The\040General\040Sinusoidal\040Function}{chapter.7}% 221
\BOOKMARK [2][-]{subsection*.708}{Horizontal\040Shifts}{section.7.2}% 222
\BOOKMARK [2][-]{subsection*.714}{Combining\040Transformations}{section.7.2}% 223
\BOOKMARK [2][-]{subsection*.718}{Modeling\040with\040Sinusoidal\040Functions}{section.7.2}% 224
\BOOKMARK [2][-]{subsection*.724}{Algebra\040Refresher}{section.7.2}% 225
\BOOKMARK [2][-]{subsection*.726}{Algebra\040Refresher\040Answers}{section.7.2}% 226
\BOOKMARK [2][-]{subsection*.727}{Section\0407.2\040Summary}{section.7.2}% 227
\BOOKMARK [2][-]{subsection*.733}{Homework\0407-2}{section.7.2}% 228
\BOOKMARK [1][-]{section.7.3}{Solving\040Equations}{chapter.7}% 229
\BOOKMARK [2][-]{subsection*.734}{Introduction}{section.7.3}% 230
\BOOKMARK [2][-]{subsection*.740}{Multiple\040Solutions}{section.7.3}% 231
\BOOKMARK [2][-]{subsection*.745}{Using\040a\040Calculator\040for\040Multiple\040Solutions}{section.7.3}% 232
\BOOKMARK [2][-]{subsection*.748}{Using\040a\040Substitution}{section.7.3}% 233
\BOOKMARK [2][-]{subsection*.754}{Applications}{section.7.3}% 234
\BOOKMARK [2][-]{subsection*.757}{Algebra\040Refresher}{section.7.3}% 235
\BOOKMARK [2][-]{subsection*.759}{Algebra\040Refresher\040Answers}{section.7.3}% 236
\BOOKMARK [2][-]{subsection*.760}{Section\0407.3\040Summary}{section.7.3}% 237
\BOOKMARK [2][-]{subsection*.766}{Homework\0407-3}{section.7.3}% 238
\BOOKMARK [1][-]{section.7.4}{Chapter\0407\040Summary\040and\040Review}{chapter.7}% 239
\BOOKMARK [2][-]{subsection*.767}{Key\040Concepts}{section.7.4}% 240
\BOOKMARK [2][-]{subsection*.773}{Review\040Problems}{section.7.4}% 241
\BOOKMARK [0][-]{chapter.8}{More\040Functions\040and\040Identities}{}% 242
\BOOKMARK [1][-]{section.8.1}{Sum\040and\040Difference\040Formulas}{chapter.8}% 243
\BOOKMARK [2][-]{subsection*.775}{The\040Sum\040of\040Angles\040Identities}{section.8.1}% 244
\BOOKMARK [2][-]{subsection*.785}{The\040Difference\040of\040Angles\040Identities}{section.8.1}% 245
\BOOKMARK [2][-]{subsection*.789}{Sum\040and\040Difference\040Identities\040for\040Tangent}{section.8.1}% 246
\BOOKMARK [2][-]{subsection*.793}{Double\040Angle\040Identities}{section.8.1}% 247
\BOOKMARK [2][-]{subsection*.803}{Solving\040Equations}{section.8.1}% 248
\BOOKMARK [2][-]{subsection*.807}{Algebra\040Refresher}{section.8.1}% 249
\BOOKMARK [2][-]{subsection*.809}{Algebra\040Refresher\040Answers}{section.8.1}% 250
\BOOKMARK [2][-]{subsection*.810}{Section\0408.1\040Summary}{section.8.1}% 251
\BOOKMARK [2][-]{subsection*.817}{Homework\0408-1}{section.8.1}% 252
\BOOKMARK [1][-]{section.8.2}{Inverse\040Trigonometric\040Functions}{chapter.8}% 253
\BOOKMARK [2][-]{subsection*.818}{Inverse\040of\040a\040Function}{section.8.2}% 254
\BOOKMARK [2][-]{subsection*.822}{The\040Graph\040of\040the\040Inverse}{section.8.2}% 255
\BOOKMARK [2][-]{subsection*.826}{Does\040Every\040Function\040Have\040an\040Inverse?}{section.8.2}% 256
\BOOKMARK [2][-]{subsection*.832}{Restricting\040the\040Domain:\040The\040Inverse\040Sine\040Function}{section.8.2}% 257
\BOOKMARK [2][-]{subsection*.837}{The\040Inverse\040Cosine\040and\040Inverse\040Tangent\040Functions}{section.8.2}% 258
\BOOKMARK [2][-]{subsection*.848}{Modeling\040with\040Inverse\040Functions}{section.8.2}% 259
\BOOKMARK [2][-]{subsection*.851}{Alternate\040Notations}{section.8.2}% 260
\BOOKMARK [2][-]{subsection*.854}{Simplifying\040Expressions}{section.8.2}% 261
\BOOKMARK [2][-]{subsection*.859}{Algebra\040Refresher}{section.8.2}% 262
\BOOKMARK [2][-]{subsection*.861}{Algebra\040Refresher\040Answers}{section.8.2}% 263
\BOOKMARK [2][-]{subsection*.862}{Section\0408.2\040Summary}{section.8.2}% 264
\BOOKMARK [2][-]{subsection*.870}{Homework\0408-2}{section.8.2}% 265
\BOOKMARK [1][-]{section.8.3}{The\040Reciprocal\040Functions}{chapter.8}% 266
\BOOKMARK [2][-]{subsection*.871}{Three\040More\040Functions}{section.8.3}% 267
\BOOKMARK [2][-]{subsection*.882}{Application\040to\040Right\040Triangles}{section.8.3}% 268
\BOOKMARK [2][-]{subsection*.886}{Graphs\040of\040the\040Reciprocal\040Functions}{section.8.3}% 269
\BOOKMARK [2][-]{subsection*.891}{Solving\040Equations}{section.8.3}% 270
\BOOKMARK [2][-]{subsection*.894}{Using\040Identities}{section.8.3}% 271
\BOOKMARK [2][-]{subsection*.906}{Algebra\040Refresher}{section.8.3}% 272
\BOOKMARK [2][-]{subsection*.908}{Algebra\040Refresher\040Answers}{section.8.3}% 273
\BOOKMARK [2][-]{subsection*.909}{Section\0408.3\040Summary}{section.8.3}% 274
\BOOKMARK [2][-]{subsection*.919}{Homework\0408-3}{section.8.3}% 275
\BOOKMARK [1][-]{section.8.4}{Chapter\040Summary\040and\040Review}{chapter.8}% 276
\BOOKMARK [2][-]{subsection*.920}{Key\040Concepts}{section.8.4}% 277
\BOOKMARK [2][-]{subsection*.931}{Review\040Problems}{section.8.4}% 278
\BOOKMARK [0][-]{chapter.9}{Vectors}{}% 279
\BOOKMARK [1][-]{section.9.1}{Geometric\040Form}{chapter.9}% 280
\BOOKMARK [2][-]{subsection*.932}{Introduction}{section.9.1}% 281
\BOOKMARK [2][-]{subsection*.935}{Notation\040for\040Vectors}{section.9.1}% 282
\BOOKMARK [2][-]{subsection*.939}{Scalar\040Multiplication\040of\040Vectors}{section.9.1}% 283
\BOOKMARK [2][-]{subsection*.942}{Addition\040of\040Vectors}{section.9.1}% 284
\BOOKMARK [2][-]{subsection*.949}{Velocity}{section.9.1}% 285
\BOOKMARK [2][-]{subsection*.954}{Components\040of\040a\040Vector}{section.9.1}% 286
\BOOKMARK [2][-]{subsection*.957}{Using\040Components}{section.9.1}% 287
\BOOKMARK [2][-]{subsection*.961}{Skills\040Refresher}{section.9.1}% 288
\BOOKMARK [2][-]{subsection*.963}{Skills\040Refresher\040Answers}{section.9.1}% 289
\BOOKMARK [2][-]{subsection*.964}{Section\0409.1\040Summary}{section.9.1}% 290
\BOOKMARK [2][-]{subsection*.970}{Homework\0409-1}{section.9.1}% 291
\BOOKMARK [1][-]{section.9.2}{Coordinate\040Form}{chapter.9}% 292
\BOOKMARK [2][-]{subsection*.971}{Introduction}{section.9.2}% 293
\BOOKMARK [2][-]{subsection*.974}{Unit\040Vectors}{section.9.2}% 294
\BOOKMARK [2][-]{subsection*.978}{Converting\040Between\040Geometric\040and\040Coordinate\040Form}{section.9.2}% 295
\BOOKMARK [2][-]{subsection*.982}{Scalar\040Multiples\040of\040Vectors\040in\040Coordinate\040Form}{section.9.2}% 296
\BOOKMARK [2][-]{subsection*.989}{Adding\040Vectors\040in\040Coordinate\040Form}{section.9.2}% 297
\BOOKMARK [2][-]{subsection*.995}{Force}{section.9.2}% 298
\BOOKMARK [2][-]{subsection*.1000}{Skills\040Refresher}{section.9.2}% 299
\BOOKMARK [2][-]{subsection*.1002}{Skills\040Refresher\040Answers}{section.9.2}% 300
\BOOKMARK [2][-]{subsection*.1003}{Section\0409.2\040Summary}{section.9.2}% 301
\BOOKMARK [2][-]{subsection*.1013}{Homework\0409-2}{section.9.2}% 302
\BOOKMARK [1][-]{section.9.3}{The\040Dot\040Product}{chapter.9}% 303
\BOOKMARK [2][-]{subsection*.1014}{Components}{section.9.3}% 304
\BOOKMARK [2][-]{subsection*.1018}{Coordinate\040Form\040for\040Components}{section.9.3}% 305
\BOOKMARK [2][-]{subsection*.1023}{The\040Dot\040Product}{section.9.3}% 306
\BOOKMARK [2][-]{subsection*.1031}{Geometric\040Meaning\040of\040the\040Dot\040Product}{section.9.3}% 307
\BOOKMARK [2][-]{subsection*.1038}{Skills\040Refresher}{section.9.3}% 308
\BOOKMARK [2][-]{subsection*.1040}{Skills\040Refresher\040Answers}{section.9.3}% 309
\BOOKMARK [2][-]{subsection*.1041}{Section\0409.3\040Summary}{section.9.3}% 310
\BOOKMARK [2][-]{subsection*.1050}{Homework\0409-3}{section.9.3}% 311
\BOOKMARK [1][-]{section.9.4}{Chapter\040Summary\040and\040Review}{chapter.9}% 312
\BOOKMARK [2][-]{subsection*.1051}{Key\040Concepts}{section.9.4}% 313
\BOOKMARK [2][-]{subsection*.1062}{Review\040Problems}{section.9.4}% 314
\BOOKMARK [0][-]{chapter.10}{Polar\040Coordinates\040and\040Complex\040Numbers}{}% 315
\BOOKMARK [1][-]{section.10.1}{Polar\040Coordinates}{chapter.10}% 316
\BOOKMARK [2][-]{subsection*.1064}{Plotting\040Points}{section.10.1}% 317
\BOOKMARK [2][-]{subsection*.1071}{Regions\040in\040the\040Plane}{section.10.1}% 318
\BOOKMARK [2][-]{subsection*.1074}{Converting\040Between\040Polar\040and\040Cartesian\040Coordinates}{section.10.1}% 319
\BOOKMARK [2][-]{subsection*.1081}{Equations\040in\040Polar\040Coordinates}{section.10.1}% 320
\BOOKMARK [2][-]{subsection*.1086}{Algebra\040Refresher}{section.10.1}% 321
\BOOKMARK [2][-]{subsection*.1088}{Algebra\040Refresher\040Answers}{section.10.1}% 322
\BOOKMARK [2][-]{subsection*.1089}{Section\04010.1\040Summary}{section.10.1}% 323
\BOOKMARK [2][-]{subsection*.1097}{Homework\04010-1}{section.10.1}% 324
\BOOKMARK [1][-]{section.10.2}{Polar\040Graphs}{chapter.10}% 325
\BOOKMARK [2][-]{subsection*.1098}{Graphing\040in\040Polar\040Coordinates}{section.10.2}% 326
\BOOKMARK [2][-]{subsection*.1101}{Using\040a\040Graphing\040Calculator}{section.10.2}% 327
\BOOKMARK [2][-]{subsection*.1106}{Sketching\040Familiar\040Equations}{section.10.2}% 328
\BOOKMARK [2][-]{subsection*.1113}{Finding\040Intersection\040Points}{section.10.2}% 329
\BOOKMARK [2][-]{subsection*.1117}{Skills\040Refresher}{section.10.2}% 330
\BOOKMARK [2][-]{subsection*.1119}{Skills\040Refresher\040Answers}{section.10.2}% 331
\BOOKMARK [2][-]{subsection*.1120}{A\040Catalog\040of\040Polar\040Curves}{section.10.2}% 332
\BOOKMARK [2][-]{subsection*.1127}{Section\04010.2\040Summary}{section.10.2}% 333
\BOOKMARK [2][-]{subsection*.1132}{Homework\04010-2}{section.10.2}% 334
\BOOKMARK [1][-]{section.10.3}{Complex\040Numbers}{chapter.10}% 335
\BOOKMARK [2][-]{subsection*.1133}{Imaginary\040Numbers}{section.10.3}% 336
\BOOKMARK [2][-]{subsection*.1138}{Complex\040Numbers}{section.10.3}% 337
\BOOKMARK [2][-]{subsection*.1143}{Arithmetic\040of\040Complex\040Numbers}{section.10.3}% 338
\BOOKMARK [2][-]{subsection*.1147}{Products\040of\040Complex\040Numbers}{section.10.3}% 339
\BOOKMARK [2][-]{subsection*.1152}{Quotients\040of\040Complex\040Numbers}{section.10.3}% 340
\BOOKMARK [2][-]{subsection*.1160}{Graphing\040Complex\040Numbers}{section.10.3}% 341
\BOOKMARK [2][-]{subsection*.1169}{Zeros\040of\040Polynomials}{section.10.3}% 342
\BOOKMARK [2][-]{subsection*.1179}{Algebra\040Refresher}{section.10.3}% 343
\BOOKMARK [2][-]{subsection*.1181}{Algebra\040Refresher\040Answers}{section.10.3}% 344
\BOOKMARK [2][-]{subsection*.1182}{Section\04010.3\040Summary}{section.10.3}% 345
\BOOKMARK [2][-]{subsection*.1190}{Homework\04010-3}{section.10.3}% 346
\BOOKMARK [1][-]{section.10.4}{Polar\040Form\040for\040Complex\040Numbers}{chapter.10}% 347
\BOOKMARK [2][-]{subsection*.1191}{Introduction}{section.10.4}% 348
\BOOKMARK [2][-]{subsection*.1194}{Polar\040Form}{section.10.4}% 349
\BOOKMARK [2][-]{subsection*.1198}{Products\040and\040Quotients\040in\040Polar\040Form}{section.10.4}% 350
\BOOKMARK [2][-]{subsection*.1205}{Powers\040and\040Roots\040of\040Complex\040Numbers}{section.10.4}% 351
\BOOKMARK [2][-]{subsection*.1212}{Algebra\040Refresher}{section.10.4}% 352
\BOOKMARK [2][-]{subsection*.1214}{Algebra\040Refresher\040Answers}{section.10.4}% 353
\BOOKMARK [2][-]{subsection*.1215}{Section\04010.4\040Summary}{section.10.4}% 354
\BOOKMARK [2][-]{subsection*.1224}{Homework\04010-4}{section.10.4}% 355
\BOOKMARK [1][-]{section.10.5}{Chapter\040Summary\040and\040Review}{chapter.10}% 356
\BOOKMARK [2][-]{subsection*.1225}{Key\040Concepts}{section.10.5}% 357
\BOOKMARK [2][-]{subsection*.1236}{Review\040Problems}{section.10.5}% 358
\BOOKMARK [0][-]{appendix*.1237}{Answers\040to\040Selected\040Exercises}{}% 359
\BOOKMARK [0][-]{section*.1238}{Index}{}% 360
